{"C:\\Users\\jos50\\OneDrive\\바탕 화면\\dev\\OSE_Version2\\server\\index.js": {"path":"C:\\Users\\jos50\\OneDrive\\바탕 화면\\dev\\OSE_Version2\\server\\index.js","statementMap":{"0":{"start":{"line":1,"column":16},"end":{"line":1,"column":34}},"1":{"start":{"line":2,"column":15},"end":{"line":2,"column":32}},"2":{"start":{"line":4,"column":0},"end":{"line":4,"column":16}},"3":{"start":{"line":6,"column":12},"end":{"line":6,"column":21}},"4":{"start":{"line":8,"column":0},"end":{"line":8,"column":26}},"5":{"start":{"line":9,"column":0},"end":{"line":9,"column":33}},"6":{"start":{"line":11,"column":13},"end":{"line":11,"column":37}},"7":{"start":{"line":12,"column":15},"end":{"line":14,"column":2}},"8":{"start":{"line":13,"column":2},"end":{"line":13,"column":61}},"9":{"start":{"line":16,"column":0},"end":{"line":16,"column":24}}},"fnMap":{"0":{"name":"(anonymous_0)","decl":{"start":{"line":12,"column":32},"end":{"line":12,"column":33}},"loc":{"start":{"line":12,"column":38},"end":{"line":14,"column":1}},"line":12}},"branchMap":{"0":{"loc":{"start":{"line":11,"column":13},"end":{"line":11,"column":37}},"type":"binary-expr","locations":[{"start":{"line":11,"column":13},"end":{"line":11,"column":29}},{"start":{"line":11,"column":33},"end":{"line":11,"column":37}}],"line":11}},"s":{"0":1,"1":1,"2":1,"3":1,"4":1,"5":1,"6":1,"7":1,"8":1,"9":1},"f":{"0":1},"b":{"0":[1,0]},"_coverageSchema":"1a1c01bbd47fc00a2c39e90264f33305004495a9","hash":"09235d689667f7eaee9e194340d203c194316453"}
,"C:\\Users\\jos50\\OneDrive\\바탕 화면\\dev\\OSE_Version2\\server\\controllers\\auth.js": {"path":"C:\\Users\\jos50\\OneDrive\\바탕 화면\\dev\\OSE_Version2\\server\\controllers\\auth.js","statementMap":{"0":{"start":{"line":1,"column":12},"end":{"line":1,"column":30}},"1":{"start":{"line":2,"column":12},"end":{"line":2,"column":35}},"2":{"start":{"line":3,"column":25},"end":{"line":3,"column":55}},"3":{"start":{"line":4,"column":14},"end":{"line":4,"column":35}},"4":{"start":{"line":5,"column":15},"end":{"line":5,"column":32}},"5":{"start":{"line":9,"column":4},"end":{"line":9,"column":31}},"6":{"start":{"line":11,"column":13},"end":{"line":11,"column":38}},"7":{"start":{"line":13,"column":0},"end":{"line":13,"column":16}},"8":{"start":{"line":15,"column":19},"end":{"line":19,"column":1}},"9":{"start":{"line":21,"column":16},"end":{"line":21,"column":39}},"10":{"start":{"line":36,"column":0},"end":{"line":75,"column":2}},"11":{"start":{"line":37,"column":36},"end":{"line":37,"column":44}},"12":{"start":{"line":39,"column":2},"end":{"line":74,"column":3}},"13":{"start":{"line":40,"column":21},"end":{"line":40,"column":50}},"14":{"start":{"line":42,"column":4},"end":{"line":46,"column":5}},"15":{"start":{"line":43,"column":6},"end":{"line":45,"column":9}},"16":{"start":{"line":48,"column":18},"end":{"line":54,"column":5}},"17":{"start":{"line":56,"column":19},"end":{"line":56,"column":50}},"18":{"start":{"line":57,"column":30},"end":{"line":57,"column":65}},"19":{"start":{"line":59,"column":4},"end":{"line":71,"column":9}},"20":{"start":{"line":61,"column":8},"end":{"line":61,"column":52}},"21":{"start":{"line":62,"column":8},"end":{"line":64,"column":11}},"22":{"start":{"line":67,"column":8},"end":{"line":67,"column":49}},"23":{"start":{"line":68,"column":8},"end":{"line":70,"column":11}},"24":{"start":{"line":73,"column":4},"end":{"line":73,"column":39}},"25":{"start":{"line":84,"column":0},"end":{"line":111,"column":2}},"26":{"start":{"line":85,"column":20},"end":{"line":85,"column":28}},"27":{"start":{"line":87,"column":2},"end":{"line":110,"column":5}},"28":{"start":{"line":91,"column":4},"end":{"line":95,"column":5}},"29":{"start":{"line":92,"column":6},"end":{"line":94,"column":64}},"30":{"start":{"line":97,"column":38},"end":{"line":97,"column":45}},"31":{"start":{"line":99,"column":4},"end":{"line":109,"column":5}},"32":{"start":{"line":100,"column":19},"end":{"line":100,"column":54}},"33":{"start":{"line":101,"column":6},"end":{"line":101,"column":24}},"34":{"start":{"line":102,"column":6},"end":{"line":104,"column":69}},"35":{"start":{"line":106,"column":6},"end":{"line":108,"column":9}},"36":{"start":{"line":120,"column":0},"end":{"line":142,"column":2}},"37":{"start":{"line":121,"column":2},"end":{"line":141,"column":3}},"38":{"start":{"line":122,"column":32},"end":{"line":122,"column":40}},"39":{"start":{"line":123,"column":17},"end":{"line":123,"column":62}},"40":{"start":{"line":125,"column":4},"end":{"line":129,"column":5}},"41":{"start":{"line":126,"column":6},"end":{"line":128,"column":78}},"42":{"start":{"line":131,"column":18},"end":{"line":131,"column":48}},"43":{"start":{"line":132,"column":4},"end":{"line":132,"column":32}},"44":{"start":{"line":133,"column":4},"end":{"line":133,"column":23}},"45":{"start":{"line":135,"column":4},"end":{"line":135,"column":37}},"46":{"start":{"line":137,"column":4},"end":{"line":140,"column":7}},"47":{"start":{"line":144,"column":0},"end":{"line":146,"column":21}},"48":{"start":{"line":146,"column":2},"end":{"line":146,"column":20}},"49":{"start":{"line":156,"column":0},"end":{"line":193,"column":2}},"50":{"start":{"line":157,"column":20},"end":{"line":157,"column":28}},"51":{"start":{"line":159,"column":2},"end":{"line":192,"column":3}},"52":{"start":{"line":160,"column":17},"end":{"line":160,"column":46}},"53":{"start":{"line":161,"column":4},"end":{"line":165,"column":5}},"54":{"start":{"line":162,"column":6},"end":{"line":164,"column":9}},"55":{"start":{"line":167,"column":18},"end":{"line":171,"column":5}},"56":{"start":{"line":173,"column":19},"end":{"line":173,"column":58}},"57":{"start":{"line":174,"column":4},"end":{"line":174,"column":55}},"58":{"start":{"line":176,"column":35},"end":{"line":176,"column":70}},"59":{"start":{"line":178,"column":4},"end":{"line":187,"column":9}},"60":{"start":{"line":180,"column":8},"end":{"line":180,"column":56}},"61":{"start":{"line":181,"column":8},"end":{"line":183,"column":11}},"62":{"start":{"line":186,"column":8},"end":{"line":186,"column":56}},"63":{"start":{"line":189,"column":4},"end":{"line":191,"column":7}},"64":{"start":{"line":203,"column":0},"end":{"line":239,"column":2}},"65":{"start":{"line":204,"column":45},"end":{"line":204,"column":53}},"66":{"start":{"line":206,"column":2},"end":{"line":238,"column":3}},"67":{"start":{"line":207,"column":4},"end":{"line":237,"column":6}},"68":{"start":{"line":211,"column":8},"end":{"line":235,"column":9}},"69":{"start":{"line":212,"column":10},"end":{"line":216,"column":11}},"70":{"start":{"line":213,"column":12},"end":{"line":215,"column":71}},"71":{"start":{"line":218,"column":23},"end":{"line":218,"column":64}},"72":{"start":{"line":220,"column":10},"end":{"line":222,"column":11}},"73":{"start":{"line":221,"column":12},"end":{"line":221,"column":72}},"74":{"start":{"line":224,"column":10},"end":{"line":224,"column":38}},"75":{"start":{"line":225,"column":10},"end":{"line":225,"column":38}},"76":{"start":{"line":226,"column":10},"end":{"line":226,"column":28}},"77":{"start":{"line":228,"column":10},"end":{"line":230,"column":13}},"78":{"start":{"line":232,"column":10},"end":{"line":234,"column":13}},"79":{"start":{"line":241,"column":15},"end":{"line":241,"column":61}},"80":{"start":{"line":242,"column":0},"end":{"line":296,"column":2}},"81":{"start":{"line":243,"column":22},"end":{"line":243,"column":30}},"82":{"start":{"line":244,"column":2},"end":{"line":295,"column":3}},"83":{"start":{"line":245,"column":21},"end":{"line":248,"column":6}},"84":{"start":{"line":249,"column":4},"end":{"line":249,"column":38}},"85":{"start":{"line":251,"column":44},"end":{"line":251,"column":60}},"86":{"start":{"line":252,"column":4},"end":{"line":292,"column":5}},"87":{"start":{"line":253,"column":19},"end":{"line":253,"column":48}},"88":{"start":{"line":254,"column":6},"end":{"line":254,"column":32}},"89":{"start":{"line":255,"column":6},"end":{"line":291,"column":7}},"90":{"start":{"line":256,"column":8},"end":{"line":268,"column":9}},"91":{"start":{"line":257,"column":24},"end":{"line":257,"column":54}},"92":{"start":{"line":258,"column":45},"end":{"line":258,"column":49}},"93":{"start":{"line":260,"column":10},"end":{"line":263,"column":13}},"94":{"start":{"line":265,"column":10},"end":{"line":267,"column":13}},"95":{"start":{"line":270,"column":8},"end":{"line":290,"column":9}},"96":{"start":{"line":271,"column":27},"end":{"line":271,"column":54}},"97":{"start":{"line":272,"column":23},"end":{"line":272,"column":58}},"98":{"start":{"line":273,"column":28},"end":{"line":273,"column":45}},"99":{"start":{"line":274,"column":10},"end":{"line":274,"column":42}},"100":{"start":{"line":276,"column":10},"end":{"line":285,"column":11}},"101":{"start":{"line":277,"column":26},"end":{"line":277,"column":61}},"102":{"start":{"line":279,"column":51},"end":{"line":279,"column":60}},"103":{"start":{"line":281,"column":12},"end":{"line":284,"column":15}},"104":{"start":{"line":287,"column":10},"end":{"line":289,"column":13}},"105":{"start":{"line":294,"column":4},"end":{"line":294,"column":32}},"106":{"start":{"line":298,"column":0},"end":{"line":352,"column":2}},"107":{"start":{"line":299,"column":2},"end":{"line":299,"column":51}},"108":{"start":{"line":300,"column":34},"end":{"line":300,"column":42}},"109":{"start":{"line":301,"column":14},"end":{"line":301,"column":107}},"110":{"start":{"line":303,"column":2},"end":{"line":351,"column":3}},"111":{"start":{"line":304,"column":21},"end":{"line":304,"column":37}},"112":{"start":{"line":305,"column":21},"end":{"line":305,"column":42}},"113":{"start":{"line":306,"column":28},"end":{"line":306,"column":36}},"114":{"start":{"line":308,"column":17},"end":{"line":308,"column":46}},"115":{"start":{"line":310,"column":4},"end":{"line":346,"column":5}},"116":{"start":{"line":311,"column":6},"end":{"line":323,"column":7}},"117":{"start":{"line":312,"column":22},"end":{"line":312,"column":52}},"118":{"start":{"line":313,"column":43},"end":{"line":313,"column":47}},"119":{"start":{"line":315,"column":8},"end":{"line":318,"column":11}},"120":{"start":{"line":320,"column":8},"end":{"line":322,"column":11}},"121":{"start":{"line":325,"column":6},"end":{"line":345,"column":7}},"122":{"start":{"line":326,"column":25},"end":{"line":326,"column":52}},"123":{"start":{"line":327,"column":21},"end":{"line":327,"column":56}},"124":{"start":{"line":328,"column":26},"end":{"line":328,"column":43}},"125":{"start":{"line":329,"column":8},"end":{"line":329,"column":40}},"126":{"start":{"line":331,"column":8},"end":{"line":340,"column":9}},"127":{"start":{"line":332,"column":24},"end":{"line":332,"column":59}},"128":{"start":{"line":334,"column":49},"end":{"line":334,"column":58}},"129":{"start":{"line":336,"column":10},"end":{"line":339,"column":13}},"130":{"start":{"line":342,"column":8},"end":{"line":344,"column":11}},"131":{"start":{"line":348,"column":4},"end":{"line":350,"column":7}}},"fnMap":{"0":{"name":"(anonymous_0)","decl":{"start":{"line":36,"column":17},"end":{"line":36,"column":18}},"loc":{"start":{"line":36,"column":37},"end":{"line":75,"column":1}},"line":36},"1":{"name":"(anonymous_1)","decl":{"start":{"line":60,"column":12},"end":{"line":60,"column":13}},"loc":{"start":{"line":60,"column":22},"end":{"line":65,"column":7}},"line":60},"2":{"name":"(anonymous_2)","decl":{"start":{"line":66,"column":13},"end":{"line":66,"column":14}},"loc":{"start":{"line":66,"column":24},"end":{"line":71,"column":7}},"line":66},"3":{"name":"(anonymous_3)","decl":{"start":{"line":84,"column":25},"end":{"line":84,"column":26}},"loc":{"start":{"line":84,"column":45},"end":{"line":111,"column":1}},"line":84},"4":{"name":"(anonymous_4)","decl":{"start":{"line":87,"column":56},"end":{"line":87,"column":57}},"loc":{"start":{"line":90,"column":4},"end":{"line":110,"column":3}},"line":90},"5":{"name":"(anonymous_5)","decl":{"start":{"line":120,"column":17},"end":{"line":120,"column":18}},"loc":{"start":{"line":120,"column":37},"end":{"line":142,"column":1}},"line":120},"6":{"name":"(anonymous_6)","decl":{"start":{"line":144,"column":13},"end":{"line":144,"column":14}},"loc":{"start":{"line":146,"column":2},"end":{"line":146,"column":20}},"line":146},"7":{"name":"(anonymous_7)","decl":{"start":{"line":156,"column":25},"end":{"line":156,"column":26}},"loc":{"start":{"line":156,"column":45},"end":{"line":193,"column":1}},"line":156},"8":{"name":"(anonymous_8)","decl":{"start":{"line":179,"column":12},"end":{"line":179,"column":13}},"loc":{"start":{"line":179,"column":22},"end":{"line":184,"column":7}},"line":179},"9":{"name":"(anonymous_9)","decl":{"start":{"line":185,"column":13},"end":{"line":185,"column":14}},"loc":{"start":{"line":185,"column":24},"end":{"line":187,"column":7}},"line":185},"10":{"name":"(anonymous_10)","decl":{"start":{"line":203,"column":24},"end":{"line":203,"column":25}},"loc":{"start":{"line":203,"column":38},"end":{"line":239,"column":1}},"line":203},"11":{"name":"(anonymous_11)","decl":{"start":{"line":210,"column":6},"end":{"line":210,"column":7}},"loc":{"start":{"line":210,"column":36},"end":{"line":236,"column":7}},"line":210},"12":{"name":"(anonymous_12)","decl":{"start":{"line":242,"column":22},"end":{"line":242,"column":23}},"loc":{"start":{"line":242,"column":42},"end":{"line":296,"column":1}},"line":242},"13":{"name":"(anonymous_13)","decl":{"start":{"line":298,"column":24},"end":{"line":298,"column":25}},"loc":{"start":{"line":298,"column":44},"end":{"line":352,"column":1}},"line":298}},"branchMap":{"0":{"loc":{"start":{"line":42,"column":4},"end":{"line":46,"column":5}},"type":"if","locations":[{"start":{"line":42,"column":4},"end":{"line":46,"column":5}},{"start":{"line":42,"column":4},"end":{"line":46,"column":5}}],"line":42},"1":{"loc":{"start":{"line":91,"column":4},"end":{"line":95,"column":5}},"type":"if","locations":[{"start":{"line":91,"column":4},"end":{"line":95,"column":5}},{"start":{"line":91,"column":4},"end":{"line":95,"column":5}}],"line":91},"2":{"loc":{"start":{"line":125,"column":4},"end":{"line":129,"column":5}},"type":"if","locations":[{"start":{"line":125,"column":4},"end":{"line":129,"column":5}},{"start":{"line":125,"column":4},"end":{"line":129,"column":5}}],"line":125},"3":{"loc":{"start":{"line":161,"column":4},"end":{"line":165,"column":5}},"type":"if","locations":[{"start":{"line":161,"column":4},"end":{"line":165,"column":5}},{"start":{"line":161,"column":4},"end":{"line":165,"column":5}}],"line":161},"4":{"loc":{"start":{"line":206,"column":2},"end":{"line":238,"column":3}},"type":"if","locations":[{"start":{"line":206,"column":2},"end":{"line":238,"column":3}},{"start":{"line":206,"column":2},"end":{"line":238,"column":3}}],"line":206},"5":{"loc":{"start":{"line":212,"column":10},"end":{"line":216,"column":11}},"type":"if","locations":[{"start":{"line":212,"column":10},"end":{"line":216,"column":11}},{"start":{"line":212,"column":10},"end":{"line":216,"column":11}}],"line":212},"6":{"loc":{"start":{"line":220,"column":10},"end":{"line":222,"column":11}},"type":"if","locations":[{"start":{"line":220,"column":10},"end":{"line":222,"column":11}},{"start":{"line":220,"column":10},"end":{"line":222,"column":11}}],"line":220},"7":{"loc":{"start":{"line":252,"column":4},"end":{"line":292,"column":5}},"type":"if","locations":[{"start":{"line":252,"column":4},"end":{"line":292,"column":5}},{"start":{"line":252,"column":4},"end":{"line":292,"column":5}}],"line":252},"8":{"loc":{"start":{"line":255,"column":6},"end":{"line":291,"column":7}},"type":"if","locations":[{"start":{"line":255,"column":6},"end":{"line":291,"column":7}},{"start":{"line":255,"column":6},"end":{"line":291,"column":7}}],"line":255},"9":{"loc":{"start":{"line":276,"column":10},"end":{"line":285,"column":11}},"type":"if","locations":[{"start":{"line":276,"column":10},"end":{"line":285,"column":11}},{"start":{"line":276,"column":10},"end":{"line":285,"column":11}}],"line":276},"10":{"loc":{"start":{"line":310,"column":4},"end":{"line":346,"column":5}},"type":"if","locations":[{"start":{"line":310,"column":4},"end":{"line":346,"column":5}},{"start":{"line":310,"column":4},"end":{"line":346,"column":5}}],"line":310},"11":{"loc":{"start":{"line":331,"column":8},"end":{"line":340,"column":9}},"type":"if","locations":[{"start":{"line":331,"column":8},"end":{"line":340,"column":9}},{"start":{"line":331,"column":8},"end":{"line":340,"column":9}}],"line":331}},"s":{"0":1,"1":1,"2":1,"3":1,"4":1,"5":1,"6":1,"7":1,"8":1,"9":1,"10":1,"11":1,"12":1,"13":1,"14":1,"15":0,"16":1,"17":1,"18":1,"19":1,"20":1,"21":1,"22":0,"23":0,"24":0,"25":1,"26":0,"27":0,"28":0,"29":0,"30":0,"31":0,"32":0,"33":0,"34":0,"35":0,"36":1,"37":0,"38":0,"39":0,"40":0,"41":0,"42":0,"43":0,"44":0,"45":0,"46":0,"47":1,"48":0,"49":1,"50":0,"51":0,"52":0,"53":0,"54":0,"55":0,"56":0,"57":0,"58":0,"59":0,"60":0,"61":0,"62":0,"63":0,"64":1,"65":0,"66":0,"67":0,"68":0,"69":0,"70":0,"71":0,"72":0,"73":0,"74":0,"75":0,"76":0,"77":0,"78":0,"79":1,"80":1,"81":0,"82":0,"83":0,"84":0,"85":0,"86":0,"87":0,"88":0,"89":0,"90":0,"91":0,"92":0,"93":0,"94":0,"95":0,"96":0,"97":0,"98":0,"99":0,"100":0,"101":0,"102":0,"103":0,"104":0,"105":0,"106":1,"107":0,"108":0,"109":0,"110":0,"111":0,"112":0,"113":0,"114":0,"115":0,"116":0,"117":0,"118":0,"119":0,"120":0,"121":0,"122":0,"123":0,"124":0,"125":0,"126":0,"127":0,"128":0,"129":0,"130":0,"131":0},"f":{"0":1,"1":1,"2":0,"3":0,"4":0,"5":0,"6":0,"7":0,"8":0,"9":0,"10":0,"11":0,"12":0,"13":0},"b":{"0":[0,1],"1":[0,0],"2":[0,0],"3":[0,0],"4":[0,0],"5":[0,0],"6":[0,0],"7":[0,0],"8":[0,0],"9":[0,0],"10":[0,0],"11":[0,0]},"_coverageSchema":"1a1c01bbd47fc00a2c39e90264f33305004495a9","hash":"5c96f9e6e5836fdad3c249f067e91a4ffcdce3b1"}
,"C:\\Users\\jos50\\OneDrive\\바탕 화면\\dev\\OSE_Version2\\server\\controllers\\blog.js": {"path":"C:\\Users\\jos50\\OneDrive\\바탕 화면\\dev\\OSE_Version2\\server\\controllers\\blog.js","statementMap":{"0":{"start":{"line":1,"column":12},"end":{"line":1,"column":30}},"1":{"start":{"line":2,"column":15},"end":{"line":2,"column":32}},"2":{"start":{"line":3,"column":17},"end":{"line":3,"column":37}},"3":{"start":{"line":4,"column":23},"end":{"line":4,"column":38}},"4":{"start":{"line":5,"column":19},"end":{"line":5,"column":40}},"5":{"start":{"line":6,"column":16},"end":{"line":6,"column":31}},"6":{"start":{"line":7,"column":15},"end":{"line":7,"column":32}},"7":{"start":{"line":8,"column":17},"end":{"line":8,"column":37}},"8":{"start":{"line":9,"column":13},"end":{"line":9,"column":28}},"9":{"start":{"line":11,"column":0},"end":{"line":11,"column":16}},"10":{"start":{"line":14,"column":17},"end":{"line":14,"column":42}},"11":{"start":{"line":15,"column":16},"end":{"line":15,"column":40}},"12":{"start":{"line":16,"column":18},"end":{"line":16,"column":44}},"13":{"start":{"line":17,"column":22},"end":{"line":17,"column":52}},"14":{"start":{"line":19,"column":11},"end":{"line":23,"column":2}},"15":{"start":{"line":25,"column":0},"end":{"line":32,"column":2}},"16":{"start":{"line":26,"column":2},"end":{"line":31,"column":3}},"17":{"start":{"line":27,"column":21},"end":{"line":27,"column":40}},"18":{"start":{"line":28,"column":4},"end":{"line":28,"column":42}},"19":{"start":{"line":30,"column":4},"end":{"line":30,"column":43}},"20":{"start":{"line":34,"column":0},"end":{"line":222,"column":2}},"21":{"start":{"line":36,"column":24},"end":{"line":67,"column":3}},"22":{"start":{"line":37,"column":22},"end":{"line":37,"column":24}},"23":{"start":{"line":38,"column":21},"end":{"line":38,"column":23}},"24":{"start":{"line":39,"column":24},"end":{"line":39,"column":39}},"25":{"start":{"line":40,"column":20},"end":{"line":40,"column":38}},"26":{"start":{"line":43,"column":4},"end":{"line":49,"column":7}},"27":{"start":{"line":44,"column":6},"end":{"line":48,"column":7}},"28":{"start":{"line":44,"column":36},"end":{"line":44,"column":57}},"29":{"start":{"line":45,"column":8},"end":{"line":45,"column":37}},"30":{"start":{"line":46,"column":20},"end":{"line":46,"column":55}},"31":{"start":{"line":47,"column":8},"end":{"line":47,"column":35}},"32":{"start":{"line":52,"column":4},"end":{"line":56,"column":7}},"33":{"start":{"line":53,"column":19},"end":{"line":53,"column":46}},"34":{"start":{"line":54,"column":21},"end":{"line":54,"column":44}},"35":{"start":{"line":55,"column":6},"end":{"line":55,"column":36}},"36":{"start":{"line":59,"column":22},"end":{"line":59,"column":50}},"37":{"start":{"line":62,"column":4},"end":{"line":64,"column":7}},"38":{"start":{"line":63,"column":6},"end":{"line":63,"column":29}},"39":{"start":{"line":66,"column":4},"end":{"line":66,"column":20}},"40":{"start":{"line":69,"column":30},"end":{"line":79,"column":3}},"41":{"start":{"line":70,"column":20},"end":{"line":70,"column":22}},"42":{"start":{"line":72,"column":4},"end":{"line":76,"column":7}},"43":{"start":{"line":73,"column":6},"end":{"line":75,"column":7}},"44":{"start":{"line":74,"column":8},"end":{"line":74,"column":26}},"45":{"start":{"line":78,"column":4},"end":{"line":78,"column":19}},"46":{"start":{"line":81,"column":21},"end":{"line":91,"column":3}},"47":{"start":{"line":82,"column":24},"end":{"line":88,"column":10}},"48":{"start":{"line":83,"column":26},"end":{"line":83,"column":69}},"49":{"start":{"line":83,"column":45},"end":{"line":83,"column":68}},"50":{"start":{"line":84,"column":6},"end":{"line":86,"column":7}},"51":{"start":{"line":85,"column":8},"end":{"line":85,"column":37}},"52":{"start":{"line":87,"column":6},"end":{"line":87,"column":17}},"53":{"start":{"line":90,"column":4},"end":{"line":90,"column":23}},"54":{"start":{"line":93,"column":2},"end":{"line":221,"column":3}},"55":{"start":{"line":94,"column":17},"end":{"line":94,"column":27}},"56":{"start":{"line":95,"column":17},"end":{"line":95,"column":46}},"57":{"start":{"line":96,"column":4},"end":{"line":96,"column":28}},"58":{"start":{"line":97,"column":4},"end":{"line":97,"column":26}},"59":{"start":{"line":98,"column":4},"end":{"line":98,"column":31}},"60":{"start":{"line":100,"column":4},"end":{"line":215,"column":7}},"61":{"start":{"line":101,"column":6},"end":{"line":103,"column":7}},"62":{"start":{"line":102,"column":8},"end":{"line":102,"column":52}},"63":{"start":{"line":105,"column":6},"end":{"line":105,"column":27}},"64":{"start":{"line":115,"column":10},"end":{"line":115,"column":16}},"65":{"start":{"line":155,"column":22},"end":{"line":155,"column":27}},"66":{"start":{"line":156,"column":6},"end":{"line":158,"column":7}},"67":{"start":{"line":157,"column":8},"end":{"line":157,"column":50}},"68":{"start":{"line":160,"column":21},"end":{"line":160,"column":53}},"69":{"start":{"line":161,"column":23},"end":{"line":161,"column":56}},"70":{"start":{"line":162,"column":26},"end":{"line":162,"column":38}},"71":{"start":{"line":163,"column":27},"end":{"line":163,"column":40}},"72":{"start":{"line":165,"column":6},"end":{"line":168,"column":11}},"73":{"start":{"line":166,"column":8},"end":{"line":168,"column":11}},"74":{"start":{"line":170,"column":22},"end":{"line":170,"column":30}},"75":{"start":{"line":171,"column":18},"end":{"line":171,"column":49}},"76":{"start":{"line":173,"column":21},"end":{"line":180,"column":7}},"77":{"start":{"line":182,"column":23},"end":{"line":182,"column":48}},"78":{"start":{"line":183,"column":23},"end":{"line":183,"column":78}},"79":{"start":{"line":185,"column":6},"end":{"line":214,"column":9}},"80":{"start":{"line":186,"column":8},"end":{"line":189,"column":9}},"81":{"start":{"line":187,"column":10},"end":{"line":187,"column":32}},"82":{"start":{"line":188,"column":10},"end":{"line":188,"column":75}},"83":{"start":{"line":191,"column":8},"end":{"line":191,"column":29}},"84":{"start":{"line":193,"column":20},"end":{"line":193,"column":83}},"85":{"start":{"line":195,"column":8},"end":{"line":195,"column":29}},"86":{"start":{"line":196,"column":8},"end":{"line":196,"column":29}},"87":{"start":{"line":198,"column":8},"end":{"line":198,"column":27}},"88":{"start":{"line":199,"column":8},"end":{"line":199,"column":49}},"89":{"start":{"line":200,"column":8},"end":{"line":200,"column":25}},"90":{"start":{"line":202,"column":8},"end":{"line":202,"column":31}},"91":{"start":{"line":203,"column":8},"end":{"line":203,"column":50}},"92":{"start":{"line":204,"column":8},"end":{"line":204,"column":37}},"93":{"start":{"line":205,"column":8},"end":{"line":205,"column":35}},"94":{"start":{"line":207,"column":8},"end":{"line":213,"column":9}},"95":{"start":{"line":208,"column":26},"end":{"line":208,"column":43}},"96":{"start":{"line":209,"column":10},"end":{"line":209,"column":47}},"97":{"start":{"line":211,"column":10},"end":{"line":211,"column":32}},"98":{"start":{"line":212,"column":10},"end":{"line":212,"column":49}},"99":{"start":{"line":217,"column":4},"end":{"line":217,"column":32}},"100":{"start":{"line":218,"column":4},"end":{"line":220,"column":7}},"101":{"start":{"line":224,"column":0},"end":{"line":235,"column":2}},"102":{"start":{"line":225,"column":19},"end":{"line":225,"column":29}},"103":{"start":{"line":227,"column":2},"end":{"line":234,"column":3}},"104":{"start":{"line":228,"column":17},"end":{"line":230,"column":31}},"105":{"start":{"line":231,"column":4},"end":{"line":231,"column":38}},"106":{"start":{"line":233,"column":4},"end":{"line":233,"column":43}},"107":{"start":{"line":237,"column":0},"end":{"line":252,"column":3}},"108":{"start":{"line":244,"column":6},"end":{"line":244,"column":46}},"109":{"start":{"line":247,"column":22},"end":{"line":247,"column":30}},"110":{"start":{"line":248,"column":24},"end":{"line":248,"column":55}},"111":{"start":{"line":249,"column":6},"end":{"line":249,"column":54}},"112":{"start":{"line":254,"column":0},"end":{"line":265,"column":2}},"113":{"start":{"line":255,"column":14},"end":{"line":255,"column":29}},"114":{"start":{"line":256,"column":2},"end":{"line":256,"column":40}},"115":{"start":{"line":257,"column":2},"end":{"line":257,"column":30}},"116":{"start":{"line":258,"column":2},"end":{"line":258,"column":25}},"117":{"start":{"line":259,"column":17},"end":{"line":259,"column":33}},"118":{"start":{"line":260,"column":2},"end":{"line":264,"column":5}},"119":{"start":{"line":267,"column":0},"end":{"line":309,"column":2}},"120":{"start":{"line":268,"column":19},"end":{"line":268,"column":29}},"121":{"start":{"line":270,"column":22},"end":{"line":280,"column":3}},"122":{"start":{"line":271,"column":26},"end":{"line":274,"column":5}},"123":{"start":{"line":276,"column":4},"end":{"line":279,"column":7}},"124":{"start":{"line":277,"column":6},"end":{"line":278,"column":50}},"125":{"start":{"line":277,"column":15},"end":{"line":277,"column":61}},"126":{"start":{"line":278,"column":11},"end":{"line":278,"column":50}},"127":{"start":{"line":282,"column":2},"end":{"line":308,"column":3}},"128":{"start":{"line":283,"column":24},"end":{"line":283,"column":61}},"129":{"start":{"line":284,"column":30},"end":{"line":284,"column":52}},"130":{"start":{"line":285,"column":25},"end":{"line":285,"column":46}},"131":{"start":{"line":287,"column":4},"end":{"line":287,"column":36}},"132":{"start":{"line":289,"column":4},"end":{"line":303,"column":7}},"133":{"start":{"line":290,"column":25},"end":{"line":290,"column":72}},"134":{"start":{"line":292,"column":6},"end":{"line":302,"column":7}},"135":{"start":{"line":293,"column":30},"end":{"line":296,"column":9}},"136":{"start":{"line":298,"column":8},"end":{"line":301,"column":11}},"137":{"start":{"line":299,"column":10},"end":{"line":300,"column":54}},"138":{"start":{"line":299,"column":19},"end":{"line":299,"column":62}},"139":{"start":{"line":300,"column":15},"end":{"line":300,"column":54}},"140":{"start":{"line":305,"column":4},"end":{"line":305,"column":45}},"141":{"start":{"line":307,"column":4},"end":{"line":307,"column":43}},"142":{"start":{"line":311,"column":0},"end":{"line":325,"column":2}},"143":{"start":{"line":312,"column":15},"end":{"line":312,"column":31}},"144":{"start":{"line":314,"column":2},"end":{"line":324,"column":3}},"145":{"start":{"line":315,"column":21},"end":{"line":315,"column":50}},"146":{"start":{"line":316,"column":4},"end":{"line":316,"column":38}},"147":{"start":{"line":317,"column":18},"end":{"line":319,"column":31}},"148":{"start":{"line":321,"column":4},"end":{"line":321,"column":39}},"149":{"start":{"line":323,"column":4},"end":{"line":323,"column":43}}},"fnMap":{"0":{"name":"(anonymous_0)","decl":{"start":{"line":25,"column":23},"end":{"line":25,"column":24}},"loc":{"start":{"line":25,"column":43},"end":{"line":32,"column":1}},"line":25},"1":{"name":"(anonymous_1)","decl":{"start":{"line":34,"column":21},"end":{"line":34,"column":22}},"loc":{"start":{"line":34,"column":41},"end":{"line":222,"column":1}},"line":34},"2":{"name":"(anonymous_2)","decl":{"start":{"line":36,"column":24},"end":{"line":36,"column":25}},"loc":{"start":{"line":36,"column":40},"end":{"line":67,"column":3}},"line":36},"3":{"name":"(anonymous_3)","decl":{"start":{"line":43,"column":20},"end":{"line":43,"column":21}},"loc":{"start":{"line":43,"column":35},"end":{"line":49,"column":5}},"line":43},"4":{"name":"(anonymous_4)","decl":{"start":{"line":44,"column":27},"end":{"line":44,"column":28}},"loc":{"start":{"line":44,"column":36},"end":{"line":44,"column":57}},"line":44},"5":{"name":"(anonymous_5)","decl":{"start":{"line":52,"column":24},"end":{"line":52,"column":25}},"loc":{"start":{"line":52,"column":34},"end":{"line":56,"column":5}},"line":52},"6":{"name":"(anonymous_6)","decl":{"start":{"line":62,"column":22},"end":{"line":62,"column":23}},"loc":{"start":{"line":62,"column":31},"end":{"line":64,"column":5}},"line":62},"7":{"name":"(anonymous_7)","decl":{"start":{"line":69,"column":30},"end":{"line":69,"column":31}},"loc":{"start":{"line":69,"column":46},"end":{"line":79,"column":3}},"line":69},"8":{"name":"(anonymous_8)","decl":{"start":{"line":72,"column":23},"end":{"line":72,"column":24}},"loc":{"start":{"line":72,"column":32},"end":{"line":76,"column":5}},"line":72},"9":{"name":"(anonymous_9)","decl":{"start":{"line":81,"column":21},"end":{"line":81,"column":22}},"loc":{"start":{"line":81,"column":30},"end":{"line":91,"column":3}},"line":81},"10":{"name":"(anonymous_10)","decl":{"start":{"line":82,"column":35},"end":{"line":82,"column":36}},"loc":{"start":{"line":82,"column":53},"end":{"line":88,"column":5}},"line":82},"11":{"name":"(anonymous_11)","decl":{"start":{"line":83,"column":35},"end":{"line":83,"column":36}},"loc":{"start":{"line":83,"column":45},"end":{"line":83,"column":68}},"line":83},"12":{"name":"(anonymous_12)","decl":{"start":{"line":100,"column":20},"end":{"line":100,"column":21}},"loc":{"start":{"line":100,"column":50},"end":{"line":215,"column":5}},"line":100},"13":{"name":"(anonymous_13)","decl":{"start":{"line":185,"column":27},"end":{"line":185,"column":28}},"loc":{"start":{"line":185,"column":48},"end":{"line":214,"column":7}},"line":185},"14":{"name":"(anonymous_14)","decl":{"start":{"line":224,"column":19},"end":{"line":224,"column":20}},"loc":{"start":{"line":224,"column":39},"end":{"line":235,"column":1}},"line":224},"15":{"name":"(anonymous_15)","decl":{"start":{"line":243,"column":4},"end":{"line":243,"column":5}},"loc":{"start":{"line":243,"column":28},"end":{"line":245,"column":5}},"line":243},"16":{"name":"(anonymous_16)","decl":{"start":{"line":246,"column":4},"end":{"line":246,"column":5}},"loc":{"start":{"line":246,"column":23},"end":{"line":250,"column":5}},"line":246},"17":{"name":"(anonymous_17)","decl":{"start":{"line":254,"column":17},"end":{"line":254,"column":18}},"loc":{"start":{"line":254,"column":37},"end":{"line":265,"column":1}},"line":254},"18":{"name":"(anonymous_18)","decl":{"start":{"line":267,"column":21},"end":{"line":267,"column":22}},"loc":{"start":{"line":267,"column":41},"end":{"line":309,"column":1}},"line":267},"19":{"name":"(anonymous_19)","decl":{"start":{"line":270,"column":22},"end":{"line":270,"column":23}},"loc":{"start":{"line":270,"column":37},"end":{"line":280,"column":3}},"line":270},"20":{"name":"(anonymous_20)","decl":{"start":{"line":276,"column":35},"end":{"line":276,"column":36}},"loc":{"start":{"line":276,"column":50},"end":{"line":279,"column":5}},"line":276},"21":{"name":"(anonymous_21)","decl":{"start":{"line":289,"column":26},"end":{"line":289,"column":27}},"loc":{"start":{"line":289,"column":41},"end":{"line":303,"column":5}},"line":289},"22":{"name":"(anonymous_22)","decl":{"start":{"line":298,"column":39},"end":{"line":298,"column":40}},"loc":{"start":{"line":298,"column":54},"end":{"line":301,"column":9}},"line":298},"23":{"name":"(anonymous_23)","decl":{"start":{"line":311,"column":22},"end":{"line":311,"column":23}},"loc":{"start":{"line":311,"column":42},"end":{"line":325,"column":1}},"line":311}},"branchMap":{"0":{"loc":{"start":{"line":44,"column":6},"end":{"line":48,"column":7}},"type":"if","locations":[{"start":{"line":44,"column":6},"end":{"line":48,"column":7}},{"start":{"line":44,"column":6},"end":{"line":48,"column":7}}],"line":44},"1":{"loc":{"start":{"line":73,"column":6},"end":{"line":75,"column":7}},"type":"if","locations":[{"start":{"line":73,"column":6},"end":{"line":75,"column":7}},{"start":{"line":73,"column":6},"end":{"line":75,"column":7}}],"line":73},"2":{"loc":{"start":{"line":73,"column":10},"end":{"line":73,"column":50}},"type":"binary-expr","locations":[{"start":{"line":73,"column":10},"end":{"line":73,"column":28}},{"start":{"line":73,"column":32},"end":{"line":73,"column":50}}],"line":73},"3":{"loc":{"start":{"line":84,"column":6},"end":{"line":86,"column":7}},"type":"if","locations":[{"start":{"line":84,"column":6},"end":{"line":86,"column":7}},{"start":{"line":84,"column":6},"end":{"line":86,"column":7}}],"line":84},"4":{"loc":{"start":{"line":101,"column":6},"end":{"line":103,"column":7}},"type":"if","locations":[{"start":{"line":101,"column":6},"end":{"line":103,"column":7}},{"start":{"line":101,"column":6},"end":{"line":103,"column":7}}],"line":101},"5":{"loc":{"start":{"line":156,"column":6},"end":{"line":158,"column":7}},"type":"if","locations":[{"start":{"line":156,"column":6},"end":{"line":158,"column":7}},{"start":{"line":156,"column":6},"end":{"line":158,"column":7}}],"line":156},"6":{"loc":{"start":{"line":165,"column":6},"end":{"line":168,"column":11}},"type":"if","locations":[{"start":{"line":165,"column":6},"end":{"line":168,"column":11}},{"start":{"line":165,"column":6},"end":{"line":168,"column":11}}],"line":165},"7":{"loc":{"start":{"line":186,"column":8},"end":{"line":189,"column":9}},"type":"if","locations":[{"start":{"line":186,"column":8},"end":{"line":189,"column":9}},{"start":{"line":186,"column":8},"end":{"line":189,"column":9}}],"line":186},"8":{"loc":{"start":{"line":203,"column":22},"end":{"line":203,"column":49}},"type":"binary-expr","locations":[{"start":{"line":203,"column":22},"end":{"line":203,"column":28}},{"start":{"line":203,"column":32},"end":{"line":203,"column":49}}],"line":203},"9":{"loc":{"start":{"line":204,"column":20},"end":{"line":204,"column":36}},"type":"binary-expr","locations":[{"start":{"line":204,"column":20},"end":{"line":204,"column":24}},{"start":{"line":204,"column":28},"end":{"line":204,"column":36}}],"line":204},"10":{"loc":{"start":{"line":219,"column":15},"end":{"line":219,"column":59}},"type":"binary-expr","locations":[{"start":{"line":219,"column":15},"end":{"line":219,"column":28}},{"start":{"line":219,"column":32},"end":{"line":219,"column":59}}],"line":219},"11":{"loc":{"start":{"line":277,"column":6},"end":{"line":278,"column":50}},"type":"if","locations":[{"start":{"line":277,"column":6},"end":{"line":278,"column":50}},{"start":{"line":277,"column":6},"end":{"line":278,"column":50}}],"line":277},"12":{"loc":{"start":{"line":292,"column":6},"end":{"line":302,"column":7}},"type":"if","locations":[{"start":{"line":292,"column":6},"end":{"line":302,"column":7}},{"start":{"line":292,"column":6},"end":{"line":302,"column":7}}],"line":292},"13":{"loc":{"start":{"line":299,"column":10},"end":{"line":300,"column":54}},"type":"if","locations":[{"start":{"line":299,"column":10},"end":{"line":300,"column":54}},{"start":{"line":299,"column":10},"end":{"line":300,"column":54}}],"line":299}},"s":{"0":1,"1":1,"2":1,"3":1,"4":1,"5":1,"6":1,"7":1,"8":1,"9":1,"10":1,"11":1,"12":1,"13":1,"14":1,"15":1,"16":0,"17":0,"18":0,"19":0,"20":1,"21":0,"22":0,"23":0,"24":0,"25":0,"26":0,"27":0,"28":0,"29":0,"30":0,"31":0,"32":0,"33":0,"34":0,"35":0,"36":0,"37":0,"38":0,"39":0,"40":0,"41":0,"42":0,"43":0,"44":0,"45":0,"46":0,"47":0,"48":0,"49":0,"50":0,"51":0,"52":0,"53":0,"54":0,"55":0,"56":0,"57":0,"58":0,"59":0,"60":0,"61":0,"62":0,"63":0,"64":0,"65":0,"66":0,"67":0,"68":0,"69":0,"70":0,"71":0,"72":0,"73":0,"74":0,"75":0,"76":0,"77":0,"78":0,"79":0,"80":0,"81":0,"82":0,"83":0,"84":0,"85":0,"86":0,"87":0,"88":0,"89":0,"90":0,"91":0,"92":0,"93":0,"94":0,"95":0,"96":0,"97":0,"98":0,"99":0,"100":0,"101":1,"102":0,"103":0,"104":0,"105":0,"106":0,"107":1,"108":0,"109":0,"110":0,"111":0,"112":1,"113":0,"114":0,"115":0,"116":0,"117":0,"118":0,"119":1,"120":0,"121":0,"122":0,"123":0,"124":0,"125":0,"126":0,"127":0,"128":0,"129":0,"130":0,"131":0,"132":0,"133":0,"134":0,"135":0,"136":0,"137":0,"138":0,"139":0,"140":0,"141":0,"142":1,"143":0,"144":0,"145":0,"146":0,"147":0,"148":0,"149":0},"f":{"0":0,"1":0,"2":0,"3":0,"4":0,"5":0,"6":0,"7":0,"8":0,"9":0,"10":0,"11":0,"12":0,"13":0,"14":0,"15":0,"16":0,"17":0,"18":0,"19":0,"20":0,"21":0,"22":0,"23":0},"b":{"0":[0,0],"1":[0,0],"2":[0,0],"3":[0,0],"4":[0,0],"5":[0,0],"6":[0,0],"7":[0,0],"8":[0,0],"9":[0,0],"10":[0,0],"11":[0,0],"12":[0,0],"13":[0,0]},"_coverageSchema":"1a1c01bbd47fc00a2c39e90264f33305004495a9","hash":"7082b7488858bf9c840c5650ffa60bd872238c98"}
,"C:\\Users\\jos50\\OneDrive\\바탕 화면\\dev\\OSE_Version2\\server\\controllers\\campaign.js": {"path":"C:\\Users\\jos50\\OneDrive\\바탕 화면\\dev\\OSE_Version2\\server\\controllers\\campaign.js","statementMap":{"0":{"start":{"line":1,"column":21},"end":{"line":1,"column":50}},"1":{"start":{"line":3,"column":0},"end":{"line":37,"column":2}},"2":{"start":{"line":12,"column":6},"end":{"line":12,"column":14}},"3":{"start":{"line":14,"column":22},"end":{"line":22,"column":4}},"4":{"start":{"line":24,"column":2},"end":{"line":36,"column":3}},"5":{"start":{"line":25,"column":19},"end":{"line":25,"column":43}},"6":{"start":{"line":26,"column":4},"end":{"line":31,"column":5}},"7":{"start":{"line":27,"column":6},"end":{"line":30,"column":9}},"8":{"start":{"line":33,"column":4},"end":{"line":35,"column":7}}},"fnMap":{"0":{"name":"(anonymous_0)","decl":{"start":{"line":3,"column":25},"end":{"line":3,"column":26}},"loc":{"start":{"line":3,"column":45},"end":{"line":37,"column":1}},"line":3}},"branchMap":{"0":{"loc":{"start":{"line":26,"column":4},"end":{"line":31,"column":5}},"type":"if","locations":[{"start":{"line":26,"column":4},"end":{"line":31,"column":5}},{"start":{"line":26,"column":4},"end":{"line":31,"column":5}}],"line":26}},"s":{"0":1,"1":1,"2":0,"3":0,"4":0,"5":0,"6":0,"7":0,"8":0},"f":{"0":0},"b":{"0":[0,0]},"_coverageSchema":"1a1c01bbd47fc00a2c39e90264f33305004495a9","hash":"5c6ded93a398542c4c5f00550a026ef3cd43981e"}
,"C:\\Users\\jos50\\OneDrive\\바탕 화면\\dev\\OSE_Version2\\server\\controllers\\donation.js": {"path":"C:\\Users\\jos50\\OneDrive\\바탕 화면\\dev\\OSE_Version2\\server\\controllers\\donation.js","statementMap":{"0":{"start":{"line":2,"column":21},"end":{"line":2,"column":50}},"1":{"start":{"line":4,"column":0},"end":{"line":27,"column":2}},"2":{"start":{"line":5,"column":65},"end":{"line":5,"column":73}},"3":{"start":{"line":7,"column":22},"end":{"line":13,"column":4}},"4":{"start":{"line":15,"column":2},"end":{"line":26,"column":3}},"5":{"start":{"line":16,"column":19},"end":{"line":16,"column":43}},"6":{"start":{"line":17,"column":4},"end":{"line":21,"column":5}},"7":{"start":{"line":18,"column":6},"end":{"line":20,"column":9}},"8":{"start":{"line":23,"column":4},"end":{"line":25,"column":7}},"9":{"start":{"line":29,"column":0},"end":{"line":40,"column":2}},"10":{"start":{"line":30,"column":2},"end":{"line":39,"column":3}},"11":{"start":{"line":31,"column":22},"end":{"line":31,"column":45}},"12":{"start":{"line":32,"column":4},"end":{"line":34,"column":5}},"13":{"start":{"line":33,"column":6},"end":{"line":33,"column":45}},"14":{"start":{"line":36,"column":4},"end":{"line":38,"column":7}}},"fnMap":{"0":{"name":"(anonymous_0)","decl":{"start":{"line":4,"column":25},"end":{"line":4,"column":26}},"loc":{"start":{"line":4,"column":45},"end":{"line":27,"column":1}},"line":4},"1":{"name":"(anonymous_1)","decl":{"start":{"line":29,"column":22},"end":{"line":29,"column":23}},"loc":{"start":{"line":29,"column":42},"end":{"line":40,"column":1}},"line":29}},"branchMap":{"0":{"loc":{"start":{"line":17,"column":4},"end":{"line":21,"column":5}},"type":"if","locations":[{"start":{"line":17,"column":4},"end":{"line":21,"column":5}},{"start":{"line":17,"column":4},"end":{"line":21,"column":5}}],"line":17},"1":{"loc":{"start":{"line":32,"column":4},"end":{"line":34,"column":5}},"type":"if","locations":[{"start":{"line":32,"column":4},"end":{"line":34,"column":5}},{"start":{"line":32,"column":4},"end":{"line":34,"column":5}}],"line":32}},"s":{"0":1,"1":1,"2":0,"3":0,"4":0,"5":0,"6":0,"7":0,"8":0,"9":1,"10":0,"11":0,"12":0,"13":0,"14":0},"f":{"0":0,"1":0},"b":{"0":[0,0],"1":[0,0]},"_coverageSchema":"1a1c01bbd47fc00a2c39e90264f33305004495a9","hash":"684d51bb8f17d3b418ebd5144d916b904317e316"}
,"C:\\Users\\jos50\\OneDrive\\바탕 화면\\dev\\OSE_Version2\\server\\controllers\\tag.js": {"path":"C:\\Users\\jos50\\OneDrive\\바탕 화면\\dev\\OSE_Version2\\server\\controllers\\tag.js","statementMap":{"0":{"start":{"line":1,"column":16},"end":{"line":1,"column":34}},"1":{"start":{"line":2,"column":16},"end":{"line":2,"column":40}},"2":{"start":{"line":4,"column":0},"end":{"line":19,"column":2}},"3":{"start":{"line":5,"column":19},"end":{"line":5,"column":27}},"4":{"start":{"line":6,"column":15},"end":{"line":6,"column":42}},"5":{"start":{"line":7,"column":14},"end":{"line":7,"column":37}},"6":{"start":{"line":9,"column":2},"end":{"line":18,"column":3}},"7":{"start":{"line":10,"column":4},"end":{"line":10,"column":21}},"8":{"start":{"line":11,"column":4},"end":{"line":13,"column":7}},"9":{"start":{"line":15,"column":4},"end":{"line":17,"column":7}},"10":{"start":{"line":21,"column":0},"end":{"line":40,"column":2}},"11":{"start":{"line":22,"column":19},"end":{"line":22,"column":29}},"12":{"start":{"line":24,"column":2},"end":{"line":39,"column":3}},"13":{"start":{"line":25,"column":23},"end":{"line":25,"column":59}},"14":{"start":{"line":26,"column":4},"end":{"line":30,"column":5}},"15":{"start":{"line":27,"column":6},"end":{"line":29,"column":9}},"16":{"start":{"line":32,"column":4},"end":{"line":34,"column":7}},"17":{"start":{"line":36,"column":4},"end":{"line":38,"column":7}},"18":{"start":{"line":42,"column":0},"end":{"line":53,"column":2}},"19":{"start":{"line":43,"column":2},"end":{"line":52,"column":3}},"20":{"start":{"line":44,"column":17},"end":{"line":44,"column":35}},"21":{"start":{"line":45,"column":4},"end":{"line":47,"column":5}},"22":{"start":{"line":46,"column":6},"end":{"line":46,"column":33}},"23":{"start":{"line":49,"column":4},"end":{"line":51,"column":7}}},"fnMap":{"0":{"name":"(anonymous_0)","decl":{"start":{"line":4,"column":17},"end":{"line":4,"column":18}},"loc":{"start":{"line":4,"column":37},"end":{"line":19,"column":1}},"line":4},"1":{"name":"(anonymous_1)","decl":{"start":{"line":21,"column":17},"end":{"line":21,"column":18}},"loc":{"start":{"line":21,"column":37},"end":{"line":40,"column":1}},"line":21},"2":{"name":"(anonymous_2)","decl":{"start":{"line":42,"column":22},"end":{"line":42,"column":23}},"loc":{"start":{"line":42,"column":42},"end":{"line":53,"column":1}},"line":42}},"branchMap":{"0":{"loc":{"start":{"line":26,"column":4},"end":{"line":30,"column":5}},"type":"if","locations":[{"start":{"line":26,"column":4},"end":{"line":30,"column":5}},{"start":{"line":26,"column":4},"end":{"line":30,"column":5}}],"line":26},"1":{"loc":{"start":{"line":45,"column":4},"end":{"line":47,"column":5}},"type":"if","locations":[{"start":{"line":45,"column":4},"end":{"line":47,"column":5}},{"start":{"line":45,"column":4},"end":{"line":47,"column":5}}],"line":45}},"s":{"0":1,"1":1,"2":1,"3":0,"4":0,"5":0,"6":0,"7":0,"8":0,"9":0,"10":1,"11":0,"12":0,"13":0,"14":0,"15":0,"16":0,"17":0,"18":1,"19":0,"20":0,"21":0,"22":0,"23":0},"f":{"0":0,"1":0,"2":0},"b":{"0":[0,0],"1":[0,0]},"_coverageSchema":"1a1c01bbd47fc00a2c39e90264f33305004495a9","hash":"5ddbc36c773baa4b49e03cbf647ae9405eb51b0f"}
,"C:\\Users\\jos50\\OneDrive\\바탕 화면\\dev\\OSE_Version2\\server\\controllers\\topic.js": {"path":"C:\\Users\\jos50\\OneDrive\\바탕 화면\\dev\\OSE_Version2\\server\\controllers\\topic.js","statementMap":{"0":{"start":{"line":1,"column":16},"end":{"line":1,"column":31}},"1":{"start":{"line":2,"column":15},"end":{"line":2,"column":32}},"2":{"start":{"line":3,"column":17},"end":{"line":3,"column":37}},"3":{"start":{"line":4,"column":23},"end":{"line":4,"column":38}},"4":{"start":{"line":5,"column":12},"end":{"line":5,"column":30}},"5":{"start":{"line":6,"column":18},"end":{"line":6,"column":44}},"6":{"start":{"line":8,"column":0},"end":{"line":8,"column":16}},"7":{"start":{"line":10,"column":11},"end":{"line":14,"column":2}},"8":{"start":{"line":17,"column":0},"end":{"line":60,"column":2}},"9":{"start":{"line":18,"column":39},"end":{"line":18,"column":47}},"10":{"start":{"line":20,"column":21},"end":{"line":23,"column":3}},"11":{"start":{"line":25,"column":15},"end":{"line":25,"column":42}},"12":{"start":{"line":26,"column":15},"end":{"line":26,"column":48}},"13":{"start":{"line":27,"column":17},"end":{"line":34,"column":3}},"14":{"start":{"line":36,"column":2},"end":{"line":59,"column":5}},"15":{"start":{"line":37,"column":21},"end":{"line":41,"column":6}},"16":{"start":{"line":43,"column":4},"end":{"line":43,"column":71}},"17":{"start":{"line":43,"column":13},"end":{"line":43,"column":71}},"18":{"start":{"line":44,"column":4},"end":{"line":44,"column":46}},"19":{"start":{"line":46,"column":4},"end":{"line":46,"column":39}},"20":{"start":{"line":47,"column":4},"end":{"line":47,"column":34}},"21":{"start":{"line":49,"column":4},"end":{"line":58,"column":5}},"22":{"start":{"line":50,"column":6},"end":{"line":50,"column":28}},"23":{"start":{"line":51,"column":6},"end":{"line":53,"column":9}},"24":{"start":{"line":55,"column":6},"end":{"line":57,"column":9}},"25":{"start":{"line":62,"column":0},"end":{"line":79,"column":2}},"26":{"start":{"line":63,"column":19},"end":{"line":63,"column":29}},"27":{"start":{"line":65,"column":2},"end":{"line":78,"column":3}},"28":{"start":{"line":66,"column":24},"end":{"line":66,"column":53}},"29":{"start":{"line":67,"column":4},"end":{"line":71,"column":5}},"30":{"start":{"line":68,"column":6},"end":{"line":70,"column":9}},"31":{"start":{"line":73,"column":4},"end":{"line":73,"column":45}},"32":{"start":{"line":75,"column":4},"end":{"line":77,"column":7}},"33":{"start":{"line":81,"column":0},"end":{"line":100,"column":2}},"34":{"start":{"line":82,"column":19},"end":{"line":82,"column":29}},"35":{"start":{"line":84,"column":2},"end":{"line":99,"column":3}},"36":{"start":{"line":85,"column":25},"end":{"line":85,"column":63}},"37":{"start":{"line":86,"column":4},"end":{"line":90,"column":5}},"38":{"start":{"line":87,"column":6},"end":{"line":89,"column":9}},"39":{"start":{"line":92,"column":4},"end":{"line":94,"column":7}},"40":{"start":{"line":96,"column":4},"end":{"line":98,"column":7}},"41":{"start":{"line":102,"column":0},"end":{"line":113,"column":2}},"42":{"start":{"line":103,"column":2},"end":{"line":112,"column":3}},"43":{"start":{"line":104,"column":19},"end":{"line":104,"column":39}},"44":{"start":{"line":105,"column":4},"end":{"line":107,"column":5}},"45":{"start":{"line":106,"column":6},"end":{"line":106,"column":35}},"46":{"start":{"line":109,"column":4},"end":{"line":111,"column":7}}},"fnMap":{"0":{"name":"(anonymous_0)","decl":{"start":{"line":17,"column":17},"end":{"line":17,"column":18}},"loc":{"start":{"line":17,"column":37},"end":{"line":60,"column":1}},"line":17},"1":{"name":"(anonymous_1)","decl":{"start":{"line":36,"column":20},"end":{"line":36,"column":21}},"loc":{"start":{"line":36,"column":41},"end":{"line":59,"column":3}},"line":36},"2":{"name":"(anonymous_2)","decl":{"start":{"line":62,"column":26},"end":{"line":62,"column":27}},"loc":{"start":{"line":62,"column":46},"end":{"line":79,"column":1}},"line":62},"3":{"name":"(anonymous_3)","decl":{"start":{"line":81,"column":22},"end":{"line":81,"column":23}},"loc":{"start":{"line":81,"column":42},"end":{"line":100,"column":1}},"line":81},"4":{"name":"(anonymous_4)","decl":{"start":{"line":102,"column":24},"end":{"line":102,"column":25}},"loc":{"start":{"line":102,"column":44},"end":{"line":113,"column":1}},"line":102}},"branchMap":{"0":{"loc":{"start":{"line":43,"column":4},"end":{"line":43,"column":71}},"type":"if","locations":[{"start":{"line":43,"column":4},"end":{"line":43,"column":71}},{"start":{"line":43,"column":4},"end":{"line":43,"column":71}}],"line":43},"1":{"loc":{"start":{"line":67,"column":4},"end":{"line":71,"column":5}},"type":"if","locations":[{"start":{"line":67,"column":4},"end":{"line":71,"column":5}},{"start":{"line":67,"column":4},"end":{"line":71,"column":5}}],"line":67},"2":{"loc":{"start":{"line":86,"column":4},"end":{"line":90,"column":5}},"type":"if","locations":[{"start":{"line":86,"column":4},"end":{"line":90,"column":5}},{"start":{"line":86,"column":4},"end":{"line":90,"column":5}}],"line":86},"3":{"loc":{"start":{"line":105,"column":4},"end":{"line":107,"column":5}},"type":"if","locations":[{"start":{"line":105,"column":4},"end":{"line":107,"column":5}},{"start":{"line":105,"column":4},"end":{"line":107,"column":5}}],"line":105}},"s":{"0":1,"1":1,"2":1,"3":1,"4":1,"5":1,"6":1,"7":1,"8":1,"9":0,"10":0,"11":0,"12":0,"13":0,"14":0,"15":0,"16":0,"17":0,"18":0,"19":0,"20":0,"21":0,"22":0,"23":0,"24":0,"25":1,"26":0,"27":0,"28":0,"29":0,"30":0,"31":0,"32":0,"33":1,"34":0,"35":0,"36":0,"37":0,"38":0,"39":0,"40":0,"41":1,"42":0,"43":0,"44":0,"45":0,"46":0},"f":{"0":0,"1":0,"2":0,"3":0,"4":0},"b":{"0":[0,0],"1":[0,0],"2":[0,0],"3":[0,0]},"_coverageSchema":"1a1c01bbd47fc00a2c39e90264f33305004495a9","hash":"eecc416376f2094ca84db2a763bd4315be6b018c"}
,"C:\\Users\\jos50\\OneDrive\\바탕 화면\\dev\\OSE_Version2\\server\\controllers\\user.js": {"path":"C:\\Users\\jos50\\OneDrive\\바탕 화면\\dev\\OSE_Version2\\server\\controllers\\user.js","statementMap":{"0":{"start":{"line":1,"column":13},"end":{"line":1,"column":38}},"1":{"start":{"line":3,"column":0},"end":{"line":16,"column":2}},"2":{"start":{"line":4,"column":2},"end":{"line":8,"column":3}},"3":{"start":{"line":5,"column":4},"end":{"line":7,"column":7}},"4":{"start":{"line":10,"column":19},"end":{"line":10,"column":22}},"5":{"start":{"line":12,"column":2},"end":{"line":12,"column":28}},"6":{"start":{"line":13,"column":2},"end":{"line":13,"column":37}},"7":{"start":{"line":15,"column":2},"end":{"line":15,"column":36}},"8":{"start":{"line":18,"column":0},"end":{"line":55,"column":2}},"9":{"start":{"line":20,"column":25},"end":{"line":20,"column":51}},"10":{"start":{"line":21,"column":38},"end":{"line":21,"column":46}},"11":{"start":{"line":23,"column":2},"end":{"line":54,"column":3}},"12":{"start":{"line":24,"column":17},"end":{"line":24,"column":50}},"13":{"start":{"line":26,"column":4},"end":{"line":30,"column":5}},"14":{"start":{"line":27,"column":6},"end":{"line":29,"column":9}},"15":{"start":{"line":32,"column":4},"end":{"line":37,"column":5}},"16":{"start":{"line":33,"column":6},"end":{"line":36,"column":9}},"17":{"start":{"line":39,"column":4},"end":{"line":43,"column":5}},"18":{"start":{"line":40,"column":6},"end":{"line":42,"column":9}},"19":{"start":{"line":45,"column":4},"end":{"line":45,"column":21}},"20":{"start":{"line":46,"column":4},"end":{"line":46,"column":29}},"21":{"start":{"line":47,"column":21},"end":{"line":47,"column":38}},"22":{"start":{"line":49,"column":4},"end":{"line":49,"column":42}},"23":{"start":{"line":51,"column":4},"end":{"line":53,"column":7}}},"fnMap":{"0":{"name":"(anonymous_0)","decl":{"start":{"line":3,"column":15},"end":{"line":3,"column":16}},"loc":{"start":{"line":3,"column":29},"end":{"line":16,"column":1}},"line":3},"1":{"name":"(anonymous_1)","decl":{"start":{"line":18,"column":17},"end":{"line":18,"column":18}},"loc":{"start":{"line":18,"column":37},"end":{"line":55,"column":1}},"line":18}},"branchMap":{"0":{"loc":{"start":{"line":4,"column":2},"end":{"line":8,"column":3}},"type":"if","locations":[{"start":{"line":4,"column":2},"end":{"line":8,"column":3}},{"start":{"line":4,"column":2},"end":{"line":8,"column":3}}],"line":4},"1":{"loc":{"start":{"line":26,"column":4},"end":{"line":30,"column":5}},"type":"if","locations":[{"start":{"line":26,"column":4},"end":{"line":30,"column":5}},{"start":{"line":26,"column":4},"end":{"line":30,"column":5}}],"line":26},"2":{"loc":{"start":{"line":32,"column":4},"end":{"line":37,"column":5}},"type":"if","locations":[{"start":{"line":32,"column":4},"end":{"line":37,"column":5}},{"start":{"line":32,"column":4},"end":{"line":37,"column":5}}],"line":32},"3":{"loc":{"start":{"line":39,"column":4},"end":{"line":43,"column":5}},"type":"if","locations":[{"start":{"line":39,"column":4},"end":{"line":43,"column":5}},{"start":{"line":39,"column":4},"end":{"line":43,"column":5}}],"line":39}},"s":{"0":1,"1":1,"2":0,"3":0,"4":0,"5":0,"6":0,"7":0,"8":1,"9":0,"10":0,"11":0,"12":0,"13":0,"14":0,"15":0,"16":0,"17":0,"18":0,"19":0,"20":0,"21":0,"22":0,"23":0},"f":{"0":0,"1":0},"b":{"0":[0,0],"1":[0,0],"2":[0,0],"3":[0,0]},"_coverageSchema":"1a1c01bbd47fc00a2c39e90264f33305004495a9","hash":"a4d797fbc2876bfd80d2b4ccb3e5c918ddbbf1f6"}
,"C:\\Users\\jos50\\OneDrive\\바탕 화면\\dev\\OSE_Version2\\server\\helpers\\email.js": {"path":"C:\\Users\\jos50\\OneDrive\\바탕 화면\\dev\\OSE_Version2\\server\\helpers\\email.js","statementMap":{"0":{"start":{"line":1,"column":15},"end":{"line":1,"column":32}},"1":{"start":{"line":3,"column":0},"end":{"line":3,"column":16}},"2":{"start":{"line":5,"column":0},"end":{"line":29,"column":3}},"3":{"start":{"line":5,"column":56},"end":{"line":29,"column":1}},"4":{"start":{"line":31,"column":0},"end":{"line":55,"column":3}},"5":{"start":{"line":31,"column":64},"end":{"line":55,"column":1}}},"fnMap":{"0":{"name":"(anonymous_0)","decl":{"start":{"line":5,"column":28},"end":{"line":5,"column":29}},"loc":{"start":{"line":5,"column":56},"end":{"line":29,"column":1}},"line":5},"1":{"name":"(anonymous_1)","decl":{"start":{"line":31,"column":36},"end":{"line":31,"column":37}},"loc":{"start":{"line":31,"column":64},"end":{"line":55,"column":1}},"line":31}},"branchMap":{},"s":{"0":1,"1":1,"2":1,"3":1,"4":1,"5":0},"f":{"0":1,"1":0},"b":{},"_coverageSchema":"1a1c01bbd47fc00a2c39e90264f33305004495a9","hash":"4ba4e89b04c69d7ca69ecc78b962ee1d472666df"}
,"C:\\Users\\jos50\\OneDrive\\바탕 화면\\dev\\OSE_Version2\\server\\middleware\\auth.js": {"path":"C:\\Users\\jos50\\OneDrive\\바탕 화면\\dev\\OSE_Version2\\server\\middleware\\auth.js","statementMap":{"0":{"start":{"line":1,"column":12},"end":{"line":1,"column":35}},"1":{"start":{"line":2,"column":15},"end":{"line":2,"column":32}},"2":{"start":{"line":3,"column":13},"end":{"line":3,"column":38}},"3":{"start":{"line":5,"column":0},"end":{"line":5,"column":16}},"4":{"start":{"line":7,"column":0},"end":{"line":30,"column":2}},"5":{"start":{"line":8,"column":2},"end":{"line":29,"column":3}},"6":{"start":{"line":9,"column":18},"end":{"line":9,"column":68}},"7":{"start":{"line":11,"column":4},"end":{"line":26,"column":5}},"8":{"start":{"line":12,"column":19},"end":{"line":12,"column":63}},"9":{"start":{"line":13,"column":19},"end":{"line":13,"column":56}},"10":{"start":{"line":15,"column":6},"end":{"line":17,"column":7}},"11":{"start":{"line":16,"column":8},"end":{"line":16,"column":72}},"12":{"start":{"line":19,"column":6},"end":{"line":19,"column":22}},"13":{"start":{"line":21,"column":6},"end":{"line":21,"column":13}},"14":{"start":{"line":23,"column":6},"end":{"line":25,"column":67}},"15":{"start":{"line":28,"column":4},"end":{"line":28,"column":77}},"16":{"start":{"line":32,"column":0},"end":{"line":43,"column":2}},"17":{"start":{"line":33,"column":15},"end":{"line":33,"column":28}},"18":{"start":{"line":35,"column":2},"end":{"line":39,"column":3}},"19":{"start":{"line":36,"column":4},"end":{"line":38,"column":7}},"20":{"start":{"line":41,"column":2},"end":{"line":41,"column":25}},"21":{"start":{"line":42,"column":2},"end":{"line":42,"column":9}}},"fnMap":{"0":{"name":"(anonymous_0)","decl":{"start":{"line":7,"column":15},"end":{"line":7,"column":16}},"loc":{"start":{"line":7,"column":41},"end":{"line":30,"column":1}},"line":7},"1":{"name":"(anonymous_1)","decl":{"start":{"line":32,"column":16},"end":{"line":32,"column":17}},"loc":{"start":{"line":32,"column":36},"end":{"line":43,"column":1}},"line":32}},"branchMap":{"0":{"loc":{"start":{"line":8,"column":2},"end":{"line":29,"column":3}},"type":"if","locations":[{"start":{"line":8,"column":2},"end":{"line":29,"column":3}},{"start":{"line":8,"column":2},"end":{"line":29,"column":3}}],"line":8},"1":{"loc":{"start":{"line":15,"column":6},"end":{"line":17,"column":7}},"type":"if","locations":[{"start":{"line":15,"column":6},"end":{"line":17,"column":7}},{"start":{"line":15,"column":6},"end":{"line":17,"column":7}}],"line":15},"2":{"loc":{"start":{"line":35,"column":2},"end":{"line":39,"column":3}},"type":"if","locations":[{"start":{"line":35,"column":2},"end":{"line":39,"column":3}},{"start":{"line":35,"column":2},"end":{"line":39,"column":3}}],"line":35}},"s":{"0":1,"1":1,"2":1,"3":1,"4":1,"5":0,"6":0,"7":0,"8":0,"9":0,"10":0,"11":0,"12":0,"13":0,"14":0,"15":0,"16":1,"17":0,"18":0,"19":0,"20":0,"21":0},"f":{"0":0,"1":0},"b":{"0":[0,0],"1":[0,0],"2":[0,0]},"_coverageSchema":"1a1c01bbd47fc00a2c39e90264f33305004495a9","hash":"8595f645d68abe0110d3749bbda772ea4743d294"}
,"C:\\Users\\jos50\\OneDrive\\바탕 화면\\dev\\OSE_Version2\\server\\models\\Blog.js": {"path":"C:\\Users\\jos50\\OneDrive\\바탕 화면\\dev\\OSE_Version2\\server\\models\\Blog.js","statementMap":{"0":{"start":{"line":1,"column":17},"end":{"line":1,"column":36}},"1":{"start":{"line":3,"column":21},"end":{"line":3,"column":36}},"2":{"start":{"line":5,"column":19},"end":{"line":73,"column":1}},"3":{"start":{"line":75,"column":13},"end":{"line":75,"column":47}},"4":{"start":{"line":77,"column":0},"end":{"line":79,"column":2}}},"fnMap":{},"branchMap":{},"s":{"0":1,"1":1,"2":1,"3":1,"4":1},"f":{},"b":{},"_coverageSchema":"1a1c01bbd47fc00a2c39e90264f33305004495a9","hash":"3548c3de78abf5b818c38d4c92775e39f29d12d5"}
,"C:\\Users\\jos50\\OneDrive\\바탕 화면\\dev\\OSE_Version2\\server\\models\\Campaign.js": {"path":"C:\\Users\\jos50\\OneDrive\\바탕 화면\\dev\\OSE_Version2\\server\\models\\Campaign.js","statementMap":{"0":{"start":{"line":9,"column":17},"end":{"line":9,"column":36}},"1":{"start":{"line":11,"column":21},"end":{"line":11,"column":36}},"2":{"start":{"line":13,"column":23},"end":{"line":52,"column":1}},"3":{"start":{"line":54,"column":17},"end":{"line":54,"column":59}},"4":{"start":{"line":56,"column":0},"end":{"line":58,"column":2}}},"fnMap":{},"branchMap":{},"s":{"0":1,"1":1,"2":1,"3":1,"4":1},"f":{},"b":{},"_coverageSchema":"1a1c01bbd47fc00a2c39e90264f33305004495a9","hash":"76bdd334b9d796b1432c9fbe3a0a6a3f80ebb5a7"}
,"C:\\Users\\jos50\\OneDrive\\바탕 화면\\dev\\OSE_Version2\\server\\models\\Donation.js": {"path":"C:\\Users\\jos50\\OneDrive\\바탕 화면\\dev\\OSE_Version2\\server\\models\\Donation.js","statementMap":{"0":{"start":{"line":8,"column":17},"end":{"line":8,"column":36}},"1":{"start":{"line":10,"column":21},"end":{"line":10,"column":36}},"2":{"start":{"line":12,"column":23},"end":{"line":42,"column":2}},"3":{"start":{"line":44,"column":17},"end":{"line":44,"column":59}},"4":{"start":{"line":46,"column":0},"end":{"line":48,"column":2}}},"fnMap":{},"branchMap":{},"s":{"0":1,"1":1,"2":1,"3":1,"4":1},"f":{},"b":{},"_coverageSchema":"1a1c01bbd47fc00a2c39e90264f33305004495a9","hash":"b1844f9a22790d6d20337e421e6073bfa9e50ab9"}
,"C:\\Users\\jos50\\OneDrive\\바탕 화면\\dev\\OSE_Version2\\server\\models\\Reference.js": {"path":"C:\\Users\\jos50\\OneDrive\\바탕 화면\\dev\\OSE_Version2\\server\\models\\Reference.js","statementMap":{"0":{"start":{"line":1,"column":17},"end":{"line":1,"column":36}},"1":{"start":{"line":3,"column":24},"end":{"line":6,"column":2}},"2":{"start":{"line":8,"column":18},"end":{"line":8,"column":62}},"3":{"start":{"line":10,"column":0},"end":{"line":12,"column":2}}},"fnMap":{},"branchMap":{},"s":{"0":1,"1":1,"2":1,"3":1},"f":{},"b":{},"_coverageSchema":"1a1c01bbd47fc00a2c39e90264f33305004495a9","hash":"eb1f1146fd61f1eef2272e6adc9b978452b15616"}
,"C:\\Users\\jos50\\OneDrive\\바탕 화면\\dev\\OSE_Version2\\server\\models\\Tag.js": {"path":"C:\\Users\\jos50\\OneDrive\\바탕 화면\\dev\\OSE_Version2\\server\\models\\Tag.js","statementMap":{"0":{"start":{"line":1,"column":17},"end":{"line":1,"column":36}},"1":{"start":{"line":3,"column":18},"end":{"line":20,"column":1}},"2":{"start":{"line":22,"column":12},"end":{"line":22,"column":44}},"3":{"start":{"line":24,"column":0},"end":{"line":26,"column":2}}},"fnMap":{},"branchMap":{},"s":{"0":1,"1":1,"2":1,"3":1},"f":{},"b":{},"_coverageSchema":"1a1c01bbd47fc00a2c39e90264f33305004495a9","hash":"4aab64659c34cd1751b00981f565ad9cd2d7aa72"}
,"C:\\Users\\jos50\\OneDrive\\바탕 화면\\dev\\OSE_Version2\\server\\models\\Topic.js": {"path":"C:\\Users\\jos50\\OneDrive\\바탕 화면\\dev\\OSE_Version2\\server\\models\\Topic.js","statementMap":{"0":{"start":{"line":1,"column":17},"end":{"line":1,"column":36}},"1":{"start":{"line":3,"column":20},"end":{"line":31,"column":1}},"2":{"start":{"line":33,"column":14},"end":{"line":33,"column":50}},"3":{"start":{"line":35,"column":0},"end":{"line":37,"column":2}}},"fnMap":{},"branchMap":{},"s":{"0":1,"1":1,"2":1,"3":1},"f":{},"b":{},"_coverageSchema":"1a1c01bbd47fc00a2c39e90264f33305004495a9","hash":"8942f83cd926969ac3ba82dfe63649059dc61ef9"}
,"C:\\Users\\jos50\\OneDrive\\바탕 화면\\dev\\OSE_Version2\\server\\models\\User.js": {"path":"C:\\Users\\jos50\\OneDrive\\바탕 화면\\dev\\OSE_Version2\\server\\models\\User.js","statementMap":{"0":{"start":{"line":1,"column":12},"end":{"line":1,"column":35}},"1":{"start":{"line":2,"column":15},"end":{"line":2,"column":34}},"2":{"start":{"line":3,"column":15},"end":{"line":3,"column":32}},"3":{"start":{"line":4,"column":17},"end":{"line":4,"column":36}},"4":{"start":{"line":6,"column":21},"end":{"line":6,"column":36}},"5":{"start":{"line":7,"column":0},"end":{"line":7,"column":16}},"6":{"start":{"line":9,"column":19},"end":{"line":47,"column":2}},"7":{"start":{"line":49,"column":13},"end":{"line":49,"column":47}},"8":{"start":{"line":51,"column":0},"end":{"line":57,"column":3}},"9":{"start":{"line":53,"column":15},"end":{"line":53,"column":19}},"10":{"start":{"line":54,"column":2},"end":{"line":56,"column":3}},"11":{"start":{"line":55,"column":4},"end":{"line":55,"column":57}},"12":{"start":{"line":59,"column":0},"end":{"line":67,"column":2}},"13":{"start":{"line":61,"column":15},"end":{"line":61,"column":19}},"14":{"start":{"line":62,"column":16},"end":{"line":64,"column":4}},"15":{"start":{"line":66,"column":2},"end":{"line":66,"column":15}},"16":{"start":{"line":69,"column":0},"end":{"line":82,"column":2}},"17":{"start":{"line":71,"column":15},"end":{"line":71,"column":44}},"18":{"start":{"line":72,"column":2},"end":{"line":74,"column":3}},"19":{"start":{"line":73,"column":4},"end":{"line":73,"column":60}},"20":{"start":{"line":76,"column":26},"end":{"line":76,"column":71}},"21":{"start":{"line":77,"column":2},"end":{"line":79,"column":3}},"22":{"start":{"line":78,"column":4},"end":{"line":78,"column":60}},"23":{"start":{"line":81,"column":2},"end":{"line":81,"column":14}},"24":{"start":{"line":84,"column":0},"end":{"line":84,"column":22}}},"fnMap":{"0":{"name":"(anonymous_0)","decl":{"start":{"line":51,"column":23},"end":{"line":51,"column":24}},"loc":{"start":{"line":51,"column":45},"end":{"line":57,"column":1}},"line":51},"1":{"name":"(anonymous_1)","decl":{"start":{"line":59,"column":39},"end":{"line":59,"column":40}},"loc":{"start":{"line":59,"column":57},"end":{"line":67,"column":1}},"line":59},"2":{"name":"(anonymous_2)","decl":{"start":{"line":69,"column":39},"end":{"line":69,"column":40}},"loc":{"start":{"line":69,"column":72},"end":{"line":82,"column":1}},"line":69}},"branchMap":{"0":{"loc":{"start":{"line":54,"column":2},"end":{"line":56,"column":3}},"type":"if","locations":[{"start":{"line":54,"column":2},"end":{"line":56,"column":3}},{"start":{"line":54,"column":2},"end":{"line":56,"column":3}}],"line":54},"1":{"loc":{"start":{"line":72,"column":2},"end":{"line":74,"column":3}},"type":"if","locations":[{"start":{"line":72,"column":2},"end":{"line":74,"column":3}},{"start":{"line":72,"column":2},"end":{"line":74,"column":3}}],"line":72},"2":{"loc":{"start":{"line":77,"column":2},"end":{"line":79,"column":3}},"type":"if","locations":[{"start":{"line":77,"column":2},"end":{"line":79,"column":3}},{"start":{"line":77,"column":2},"end":{"line":79,"column":3}}],"line":77}},"s":{"0":1,"1":1,"2":1,"3":1,"4":1,"5":1,"6":1,"7":1,"8":1,"9":0,"10":0,"11":0,"12":1,"13":0,"14":0,"15":0,"16":1,"17":0,"18":0,"19":0,"20":0,"21":0,"22":0,"23":0,"24":1},"f":{"0":0,"1":0,"2":0},"b":{"0":[0,0],"1":[0,0],"2":[0,0]},"_coverageSchema":"1a1c01bbd47fc00a2c39e90264f33305004495a9","hash":"57d644f045d92c00b008db1ee3b0e012f4fda88f"}
,"C:\\Users\\jos50\\OneDrive\\바탕 화면\\dev\\OSE_Version2\\server\\routes\\auth.js": {"path":"C:\\Users\\jos50\\OneDrive\\바탕 화면\\dev\\OSE_Version2\\server\\routes\\auth.js","statementMap":{"0":{"start":{"line":1,"column":16},"end":{"line":1,"column":34}},"1":{"start":{"line":11,"column":4},"end":{"line":11,"column":34}},"2":{"start":{"line":14,"column":17},"end":{"line":14,"column":46}},"3":{"start":{"line":17,"column":26},"end":{"line":17,"column":50}},"4":{"start":{"line":23,"column":4},"end":{"line":23,"column":33}},"5":{"start":{"line":25,"column":15},"end":{"line":25,"column":31}},"6":{"start":{"line":27,"column":0},"end":{"line":27,"column":67}},"7":{"start":{"line":28,"column":0},"end":{"line":28,"column":51}},"8":{"start":{"line":29,"column":0},"end":{"line":29,"column":67}},"9":{"start":{"line":31,"column":0},"end":{"line":36,"column":2}},"10":{"start":{"line":37,"column":0},"end":{"line":42,"column":2}},"11":{"start":{"line":45,"column":0},"end":{"line":45,"column":28}},"12":{"start":{"line":48,"column":0},"end":{"line":48,"column":42}},"13":{"start":{"line":49,"column":0},"end":{"line":49,"column":46}},"14":{"start":{"line":51,"column":0},"end":{"line":51,"column":24}}},"fnMap":{},"branchMap":{},"s":{"0":1,"1":1,"2":1,"3":1,"4":1,"5":1,"6":1,"7":1,"8":1,"9":1,"10":1,"11":1,"12":1,"13":1,"14":1},"f":{},"b":{},"_coverageSchema":"1a1c01bbd47fc00a2c39e90264f33305004495a9","hash":"4fa1f8199b9dc354a31b004f83ca48a7c253531d"}
,"C:\\Users\\jos50\\OneDrive\\바탕 화면\\dev\\OSE_Version2\\server\\routes\\blog.js": {"path":"C:\\Users\\jos50\\OneDrive\\바탕 화면\\dev\\OSE_Version2\\server\\routes\\blog.js","statementMap":{"0":{"start":{"line":1,"column":16},"end":{"line":1,"column":34}},"1":{"start":{"line":3,"column":15},"end":{"line":3,"column":31}},"2":{"start":{"line":5,"column":17},"end":{"line":5,"column":46}},"3":{"start":{"line":14,"column":4},"end":{"line":14,"column":34}},"4":{"start":{"line":16,"column":0},"end":{"line":16,"column":35}},"5":{"start":{"line":17,"column":0},"end":{"line":17,"column":36}},"6":{"start":{"line":18,"column":0},"end":{"line":18,"column":41}},"7":{"start":{"line":19,"column":0},"end":{"line":19,"column":39}},"8":{"start":{"line":20,"column":0},"end":{"line":20,"column":62}},"9":{"start":{"line":21,"column":0},"end":{"line":21,"column":47}},"10":{"start":{"line":23,"column":0},"end":{"line":23,"column":24}}},"fnMap":{},"branchMap":{},"s":{"0":1,"1":1,"2":1,"3":1,"4":1,"5":1,"6":1,"7":1,"8":1,"9":1,"10":1},"f":{},"b":{},"_coverageSchema":"1a1c01bbd47fc00a2c39e90264f33305004495a9","hash":"c2ade389e90e77c0d7a4e759904da3f1e7e495d3"}
,"C:\\Users\\jos50\\OneDrive\\바탕 화면\\dev\\OSE_Version2\\server\\routes\\campaign.js": {"path":"C:\\Users\\jos50\\OneDrive\\바탕 화면\\dev\\OSE_Version2\\server\\routes\\campaign.js","statementMap":{"0":{"start":{"line":1,"column":16},"end":{"line":1,"column":34}},"1":{"start":{"line":3,"column":15},"end":{"line":3,"column":31}},"2":{"start":{"line":5,"column":27},"end":{"line":5,"column":61}},"3":{"start":{"line":7,"column":0},"end":{"line":7,"column":41}},"4":{"start":{"line":9,"column":0},"end":{"line":9,"column":24}}},"fnMap":{},"branchMap":{},"s":{"0":1,"1":1,"2":1,"3":1,"4":1},"f":{},"b":{},"_coverageSchema":"1a1c01bbd47fc00a2c39e90264f33305004495a9","hash":"2cf9e51fe67b52af1b624017153c10f438049cba"}
,"C:\\Users\\jos50\\OneDrive\\바탕 화면\\dev\\OSE_Version2\\server\\routes\\donation.js": {"path":"C:\\Users\\jos50\\OneDrive\\바탕 화면\\dev\\OSE_Version2\\server\\routes\\donation.js","statementMap":{"0":{"start":{"line":1,"column":16},"end":{"line":1,"column":34}},"1":{"start":{"line":2,"column":40},"end":{"line":2,"column":74}},"2":{"start":{"line":4,"column":15},"end":{"line":4,"column":31}},"3":{"start":{"line":6,"column":0},"end":{"line":6,"column":41}},"4":{"start":{"line":7,"column":0},"end":{"line":7,"column":38}},"5":{"start":{"line":9,"column":0},"end":{"line":9,"column":24}}},"fnMap":{},"branchMap":{},"s":{"0":1,"1":1,"2":1,"3":1,"4":1,"5":1},"f":{},"b":{},"_coverageSchema":"1a1c01bbd47fc00a2c39e90264f33305004495a9","hash":"3d7179015debbee1e6490a243f859c773d84ecc2"}
,"C:\\Users\\jos50\\OneDrive\\바탕 화면\\dev\\OSE_Version2\\server\\routes\\tag.js": {"path":"C:\\Users\\jos50\\OneDrive\\바탕 화면\\dev\\OSE_Version2\\server\\routes\\tag.js","statementMap":{"0":{"start":{"line":1,"column":16},"end":{"line":1,"column":34}},"1":{"start":{"line":3,"column":15},"end":{"line":3,"column":31}},"2":{"start":{"line":5,"column":40},"end":{"line":5,"column":69}},"3":{"start":{"line":6,"column":17},"end":{"line":6,"column":46}},"4":{"start":{"line":7,"column":26},"end":{"line":7,"column":50}},"5":{"start":{"line":8,"column":33},"end":{"line":8,"column":61}},"6":{"start":{"line":10,"column":0},"end":{"line":10,"column":33}},"7":{"start":{"line":11,"column":0},"end":{"line":11,"column":71}},"8":{"start":{"line":12,"column":0},"end":{"line":12,"column":42}},"9":{"start":{"line":14,"column":0},"end":{"line":14,"column":24}}},"fnMap":{},"branchMap":{},"s":{"0":1,"1":1,"2":1,"3":1,"4":1,"5":1,"6":1,"7":1,"8":1,"9":1},"f":{},"b":{},"_coverageSchema":"1a1c01bbd47fc00a2c39e90264f33305004495a9","hash":"772dc285d9bd9a0d1971efe2fd6cb0c9894e5b5f"}
,"C:\\Users\\jos50\\OneDrive\\바탕 화면\\dev\\OSE_Version2\\server\\routes\\topic.js": {"path":"C:\\Users\\jos50\\OneDrive\\바탕 화면\\dev\\OSE_Version2\\server\\routes\\topic.js","statementMap":{"0":{"start":{"line":1,"column":16},"end":{"line":1,"column":34}},"1":{"start":{"line":3,"column":15},"end":{"line":3,"column":31}},"2":{"start":{"line":10,"column":4},"end":{"line":10,"column":35}},"3":{"start":{"line":11,"column":17},"end":{"line":11,"column":46}},"4":{"start":{"line":12,"column":26},"end":{"line":12,"column":50}},"5":{"start":{"line":13,"column":35},"end":{"line":13,"column":65}},"6":{"start":{"line":15,"column":0},"end":{"line":15,"column":37}},"7":{"start":{"line":16,"column":0},"end":{"line":16,"column":44}},"8":{"start":{"line":17,"column":0},"end":{"line":17,"column":36}},"9":{"start":{"line":18,"column":0},"end":{"line":18,"column":49}},"10":{"start":{"line":20,"column":0},"end":{"line":20,"column":24}}},"fnMap":{},"branchMap":{},"s":{"0":1,"1":1,"2":1,"3":1,"4":1,"5":1,"6":1,"7":1,"8":1,"9":1,"10":1},"f":{},"b":{},"_coverageSchema":"1a1c01bbd47fc00a2c39e90264f33305004495a9","hash":"0ac471f56c2b29f6e5cd4a8ae69555604cfebbde"}
,"C:\\Users\\jos50\\OneDrive\\바탕 화면\\dev\\OSE_Version2\\server\\routes\\user.js": {"path":"C:\\Users\\jos50\\OneDrive\\바탕 화면\\dev\\OSE_Version2\\server\\routes\\user.js","statementMap":{"0":{"start":{"line":1,"column":16},"end":{"line":1,"column":34}},"1":{"start":{"line":3,"column":15},"end":{"line":3,"column":31}},"2":{"start":{"line":5,"column":24},"end":{"line":5,"column":53}},"3":{"start":{"line":6,"column":25},"end":{"line":6,"column":55}},"4":{"start":{"line":9,"column":0},"end":{"line":9,"column":36}},"5":{"start":{"line":10,"column":0},"end":{"line":10,"column":45}},"6":{"start":{"line":11,"column":0},"end":{"line":11,"column":58}},"7":{"start":{"line":13,"column":0},"end":{"line":13,"column":24}}},"fnMap":{},"branchMap":{},"s":{"0":1,"1":1,"2":1,"3":1,"4":1,"5":1,"6":1,"7":1},"f":{},"b":{},"_coverageSchema":"1a1c01bbd47fc00a2c39e90264f33305004495a9","hash":"236d6e76dcd8f2d274c572ae5ef3fa1419f7c3b8"}
,"C:\\Users\\jos50\\OneDrive\\바탕 화면\\dev\\OSE_Version2\\server\\startup\\db.js": {"path":"C:\\Users\\jos50\\OneDrive\\바탕 화면\\dev\\OSE_Version2\\server\\startup\\db.js","statementMap":{"0":{"start":{"line":1,"column":17},"end":{"line":1,"column":36}},"1":{"start":{"line":2,"column":15},"end":{"line":2,"column":32}},"2":{"start":{"line":4,"column":0},"end":{"line":4,"column":16}},"3":{"start":{"line":6,"column":0},"end":{"line":20,"column":2}},"4":{"start":{"line":7,"column":18},"end":{"line":12,"column":3}},"5":{"start":{"line":14,"column":13},"end":{"line":14,"column":36}},"6":{"start":{"line":16,"column":2},"end":{"line":19,"column":57}},"7":{"start":{"line":18,"column":16},"end":{"line":18,"column":50}},"8":{"start":{"line":19,"column":17},"end":{"line":19,"column":55}}},"fnMap":{"0":{"name":"(anonymous_0)","decl":{"start":{"line":6,"column":17},"end":{"line":6,"column":18}},"loc":{"start":{"line":6,"column":29},"end":{"line":20,"column":1}},"line":6},"1":{"name":"(anonymous_1)","decl":{"start":{"line":18,"column":10},"end":{"line":18,"column":11}},"loc":{"start":{"line":18,"column":16},"end":{"line":18,"column":50}},"line":18},"2":{"name":"(anonymous_2)","decl":{"start":{"line":19,"column":11},"end":{"line":19,"column":12}},"loc":{"start":{"line":19,"column":17},"end":{"line":19,"column":55}},"line":19}},"branchMap":{},"s":{"0":1,"1":1,"2":1,"3":1,"4":1,"5":1,"6":1,"7":1,"8":0},"f":{"0":1,"1":1,"2":0},"b":{},"_coverageSchema":"1a1c01bbd47fc00a2c39e90264f33305004495a9","hash":"c6621057c403eca9060d09acd7dbed414dde1e7b"}
,"C:\\Users\\jos50\\OneDrive\\바탕 화면\\dev\\OSE_Version2\\server\\startup\\routes.js": {"path":"C:\\Users\\jos50\\OneDrive\\바탕 화면\\dev\\OSE_Version2\\server\\startup\\routes.js","statementMap":{"0":{"start":{"line":1,"column":16},"end":{"line":1,"column":34}},"1":{"start":{"line":2,"column":15},"end":{"line":2,"column":32}},"2":{"start":{"line":3,"column":15},"end":{"line":3,"column":32}},"3":{"start":{"line":4,"column":13},"end":{"line":4,"column":28}},"4":{"start":{"line":7,"column":19},"end":{"line":7,"column":44}},"5":{"start":{"line":8,"column":19},"end":{"line":8,"column":44}},"6":{"start":{"line":9,"column":18},"end":{"line":9,"column":42}},"7":{"start":{"line":10,"column":20},"end":{"line":10,"column":46}},"8":{"start":{"line":11,"column":19},"end":{"line":11,"column":44}},"9":{"start":{"line":12,"column":23},"end":{"line":12,"column":52}},"10":{"start":{"line":13,"column":23},"end":{"line":13,"column":52}},"11":{"start":{"line":15,"column":0},"end":{"line":29,"column":2}},"12":{"start":{"line":16,"column":2},"end":{"line":16,"column":68}},"13":{"start":{"line":17,"column":2},"end":{"line":17,"column":51}},"14":{"start":{"line":18,"column":2},"end":{"line":18,"column":25}},"15":{"start":{"line":19,"column":2},"end":{"line":19,"column":20}},"16":{"start":{"line":20,"column":2},"end":{"line":20,"column":18}},"17":{"start":{"line":22,"column":2},"end":{"line":22,"column":27}},"18":{"start":{"line":23,"column":2},"end":{"line":23,"column":27}},"19":{"start":{"line":24,"column":2},"end":{"line":24,"column":26}},"20":{"start":{"line":25,"column":2},"end":{"line":25,"column":28}},"21":{"start":{"line":26,"column":2},"end":{"line":26,"column":27}},"22":{"start":{"line":27,"column":2},"end":{"line":27,"column":31}},"23":{"start":{"line":28,"column":2},"end":{"line":28,"column":31}}},"fnMap":{"0":{"name":"(anonymous_0)","decl":{"start":{"line":15,"column":17},"end":{"line":15,"column":18}},"loc":{"start":{"line":15,"column":32},"end":{"line":29,"column":1}},"line":15}},"branchMap":{},"s":{"0":1,"1":1,"2":1,"3":1,"4":1,"5":1,"6":1,"7":1,"8":1,"9":1,"10":1,"11":1,"12":1,"13":1,"14":1,"15":1,"16":1,"17":1,"18":1,"19":1,"20":1,"21":1,"22":1,"23":1},"f":{"0":1},"b":{},"_coverageSchema":"1a1c01bbd47fc00a2c39e90264f33305004495a9","hash":"c30cb686f3d07d266cf5a9d44a8181273d024321"}
,"C:\\Users\\jos50\\OneDrive\\바탕 화면\\dev\\OSE_Version2\\server\\validators\\auth.js": {"path":"C:\\Users\\jos50\\OneDrive\\바탕 화면\\dev\\OSE_Version2\\server\\validators\\auth.js","statementMap":{"0":{"start":{"line":1,"column":18},"end":{"line":1,"column":46}},"1":{"start":{"line":3,"column":0},"end":{"line":9,"column":2}},"2":{"start":{"line":11,"column":0},"end":{"line":16,"column":2}},"3":{"start":{"line":18,"column":0},"end":{"line":24,"column":2}},"4":{"start":{"line":26,"column":0},"end":{"line":32,"column":2}}},"fnMap":{},"branchMap":{},"s":{"0":1,"1":1,"2":1,"3":1,"4":1},"f":{},"b":{},"_coverageSchema":"1a1c01bbd47fc00a2c39e90264f33305004495a9","hash":"c1883285c8f6138f16f76f235e4ac2bc8e024b82"}
,"C:\\Users\\jos50\\OneDrive\\바탕 화면\\dev\\OSE_Version2\\server\\validators\\index.js": {"path":"C:\\Users\\jos50\\OneDrive\\바탕 화면\\dev\\OSE_Version2\\server\\validators\\index.js","statementMap":{"0":{"start":{"line":1,"column":29},"end":{"line":1,"column":57}},"1":{"start":{"line":3,"column":0},"end":{"line":12,"column":2}},"2":{"start":{"line":4,"column":17},"end":{"line":4,"column":38}},"3":{"start":{"line":5,"column":2},"end":{"line":9,"column":3}},"4":{"start":{"line":6,"column":4},"end":{"line":8,"column":7}},"5":{"start":{"line":11,"column":2},"end":{"line":11,"column":9}}},"fnMap":{"0":{"name":"(anonymous_0)","decl":{"start":{"line":3,"column":24},"end":{"line":3,"column":25}},"loc":{"start":{"line":3,"column":44},"end":{"line":12,"column":1}},"line":3}},"branchMap":{"0":{"loc":{"start":{"line":5,"column":2},"end":{"line":9,"column":3}},"type":"if","locations":[{"start":{"line":5,"column":2},"end":{"line":9,"column":3}},{"start":{"line":5,"column":2},"end":{"line":9,"column":3}}],"line":5}},"s":{"0":1,"1":1,"2":1,"3":1,"4":0,"5":1},"f":{"0":1},"b":{"0":[0,1]},"_coverageSchema":"1a1c01bbd47fc00a2c39e90264f33305004495a9","hash":"afbe710cccc00fb9b318d785d51ec09cf4743f84"}
,"C:\\Users\\jos50\\OneDrive\\바탕 화면\\dev\\OSE_Version2\\server\\validators\\tag.js": {"path":"C:\\Users\\jos50\\OneDrive\\바탕 화면\\dev\\OSE_Version2\\server\\validators\\tag.js","statementMap":{"0":{"start":{"line":1,"column":18},"end":{"line":1,"column":46}},"1":{"start":{"line":3,"column":0},"end":{"line":5,"column":2}}},"fnMap":{},"branchMap":{},"s":{"0":1,"1":1},"f":{},"b":{},"_coverageSchema":"1a1c01bbd47fc00a2c39e90264f33305004495a9","hash":"11a03f8ca1cd8f829efd8c68d0102c1c7897ff82"}
,"C:\\Users\\jos50\\OneDrive\\바탕 화면\\dev\\OSE_Version2\\server\\validators\\topic.js": {"path":"C:\\Users\\jos50\\OneDrive\\바탕 화면\\dev\\OSE_Version2\\server\\validators\\topic.js","statementMap":{"0":{"start":{"line":1,"column":18},"end":{"line":1,"column":46}},"1":{"start":{"line":3,"column":0},"end":{"line":5,"column":2}}},"fnMap":{},"branchMap":{},"s":{"0":1,"1":1},"f":{},"b":{},"_coverageSchema":"1a1c01bbd47fc00a2c39e90264f33305004495a9","hash":"42527950c4d2272a5bc73fda25802ccc3502b37b"}
}
