TN:
SF:index.js
FN:12,(anonymous_0)
FNF:1
FNH:1
FNDA:1,(anonymous_0)
DA:1,1
DA:2,1
DA:4,1
DA:6,1
DA:8,1
DA:9,1
DA:11,1
DA:12,1
DA:13,1
DA:16,1
LF:10
LH:10
BRDA:11,0,0,1
BRDA:11,0,1,0
BRF:2
BRH:1
end_of_record
TN:
SF:controllers\auth.js
FN:36,(anonymous_0)
FN:60,(anonymous_1)
FN:66,(anonymous_2)
FN:84,(anonymous_3)
FN:87,(anonymous_4)
FN:120,(anonymous_5)
FN:144,(anonymous_6)
FN:156,(anonymous_7)
FN:179,(anonymous_8)
FN:185,(anonymous_9)
FN:203,(anonymous_10)
FN:210,(anonymous_11)
FN:242,(anonymous_12)
FN:298,(anonymous_13)
FNF:14
FNH:0
FNDA:0,(anonymous_0)
FNDA:0,(anonymous_1)
FNDA:0,(anonymous_2)
FNDA:0,(anonymous_3)
FNDA:0,(anonymous_4)
FNDA:0,(anonymous_5)
FNDA:0,(anonymous_6)
FNDA:0,(anonymous_7)
FNDA:0,(anonymous_8)
FNDA:0,(anonymous_9)
FNDA:0,(anonymous_10)
FNDA:0,(anonymous_11)
FNDA:0,(anonymous_12)
FNDA:0,(anonymous_13)
DA:1,1
DA:2,1
DA:3,1
DA:4,1
DA:5,1
DA:9,1
DA:11,1
DA:13,1
DA:15,1
DA:21,1
DA:36,1
DA:37,0
DA:39,0
DA:40,0
DA:42,0
DA:43,0
DA:48,0
DA:56,0
DA:57,0
DA:59,0
DA:61,0
DA:62,0
DA:67,0
DA:68,0
DA:73,0
DA:84,1
DA:85,0
DA:87,0
DA:91,0
DA:92,0
DA:97,0
DA:99,0
DA:100,0
DA:101,0
DA:102,0
DA:106,0
DA:120,1
DA:121,0
DA:122,0
DA:123,0
DA:125,0
DA:126,0
DA:131,0
DA:132,0
DA:133,0
DA:135,0
DA:137,0
DA:144,1
DA:146,0
DA:156,1
DA:157,0
DA:159,0
DA:160,0
DA:161,0
DA:162,0
DA:167,0
DA:173,0
DA:174,0
DA:176,0
DA:178,0
DA:180,0
DA:181,0
DA:186,0
DA:189,0
DA:203,1
DA:204,0
DA:206,0
DA:207,0
DA:211,0
DA:212,0
DA:213,0
DA:218,0
DA:220,0
DA:221,0
DA:224,0
DA:225,0
DA:226,0
DA:228,0
DA:232,0
DA:241,1
DA:242,1
DA:243,0
DA:244,0
DA:245,0
DA:249,0
DA:251,0
DA:252,0
DA:253,0
DA:254,0
DA:255,0
DA:256,0
DA:257,0
DA:258,0
DA:260,0
DA:265,0
DA:270,0
DA:271,0
DA:272,0
DA:273,0
DA:274,0
DA:276,0
DA:277,0
DA:279,0
DA:281,0
DA:287,0
DA:294,0
DA:298,1
DA:299,0
DA:300,0
DA:301,0
DA:303,0
DA:304,0
DA:305,0
DA:306,0
DA:308,0
DA:310,0
DA:311,0
DA:312,0
DA:313,0
DA:315,0
DA:320,0
DA:325,0
DA:326,0
DA:327,0
DA:328,0
DA:329,0
DA:331,0
DA:332,0
DA:334,0
DA:336,0
DA:342,0
DA:348,0
LF:132
LH:19
BRDA:42,0,0,0
BRDA:42,0,1,0
BRDA:91,1,0,0
BRDA:91,1,1,0
BRDA:125,2,0,0
BRDA:125,2,1,0
BRDA:161,3,0,0
BRDA:161,3,1,0
BRDA:206,4,0,0
BRDA:206,4,1,0
BRDA:212,5,0,0
BRDA:212,5,1,0
BRDA:220,6,0,0
BRDA:220,6,1,0
BRDA:252,7,0,0
BRDA:252,7,1,0
BRDA:255,8,0,0
BRDA:255,8,1,0
BRDA:276,9,0,0
BRDA:276,9,1,0
BRDA:310,10,0,0
BRDA:310,10,1,0
BRDA:331,11,0,0
BRDA:331,11,1,0
BRF:24
BRH:0
end_of_record
TN:
SF:controllers\blog.js
FN:25,(anonymous_0)
FN:34,(anonymous_1)
FN:36,(anonymous_2)
FN:43,(anonymous_3)
FN:44,(anonymous_4)
FN:52,(anonymous_5)
FN:62,(anonymous_6)
FN:69,(anonymous_7)
FN:72,(anonymous_8)
FN:81,(anonymous_9)
FN:82,(anonymous_10)
FN:83,(anonymous_11)
FN:100,(anonymous_12)
FN:185,(anonymous_13)
FN:224,(anonymous_14)
FN:243,(anonymous_15)
FN:246,(anonymous_16)
FN:254,(anonymous_17)
FN:267,(anonymous_18)
FN:270,(anonymous_19)
FN:276,(anonymous_20)
FN:289,(anonymous_21)
FN:298,(anonymous_22)
FN:311,(anonymous_23)
FNF:24
FNH:0
FNDA:0,(anonymous_0)
FNDA:0,(anonymous_1)
FNDA:0,(anonymous_2)
FNDA:0,(anonymous_3)
FNDA:0,(anonymous_4)
FNDA:0,(anonymous_5)
FNDA:0,(anonymous_6)
FNDA:0,(anonymous_7)
FNDA:0,(anonymous_8)
FNDA:0,(anonymous_9)
FNDA:0,(anonymous_10)
FNDA:0,(anonymous_11)
FNDA:0,(anonymous_12)
FNDA:0,(anonymous_13)
FNDA:0,(anonymous_14)
FNDA:0,(anonymous_15)
FNDA:0,(anonymous_16)
FNDA:0,(anonymous_17)
FNDA:0,(anonymous_18)
FNDA:0,(anonymous_19)
FNDA:0,(anonymous_20)
FNDA:0,(anonymous_21)
FNDA:0,(anonymous_22)
FNDA:0,(anonymous_23)
DA:1,1
DA:2,1
DA:3,1
DA:4,1
DA:5,1
DA:6,1
DA:7,1
DA:8,1
DA:9,1
DA:11,1
DA:14,1
DA:15,1
DA:16,1
DA:17,1
DA:19,1
DA:25,1
DA:26,0
DA:27,0
DA:28,0
DA:30,0
DA:34,1
DA:36,0
DA:37,0
DA:38,0
DA:39,0
DA:40,0
DA:43,0
DA:44,0
DA:45,0
DA:46,0
DA:47,0
DA:52,0
DA:53,0
DA:54,0
DA:55,0
DA:59,0
DA:62,0
DA:63,0
DA:66,0
DA:69,0
DA:70,0
DA:72,0
DA:73,0
DA:74,0
DA:78,0
DA:81,0
DA:82,0
DA:83,0
DA:84,0
DA:85,0
DA:87,0
DA:90,0
DA:93,0
DA:94,0
DA:95,0
DA:96,0
DA:97,0
DA:98,0
DA:100,0
DA:101,0
DA:102,0
DA:105,0
DA:115,0
DA:155,0
DA:156,0
DA:157,0
DA:160,0
DA:161,0
DA:162,0
DA:163,0
DA:165,0
DA:166,0
DA:170,0
DA:171,0
DA:173,0
DA:182,0
DA:183,0
DA:185,0
DA:186,0
DA:187,0
DA:188,0
DA:191,0
DA:193,0
DA:195,0
DA:196,0
DA:198,0
DA:199,0
DA:200,0
DA:202,0
DA:203,0
DA:204,0
DA:205,0
DA:207,0
DA:208,0
DA:209,0
DA:211,0
DA:212,0
DA:217,0
DA:218,0
DA:224,1
DA:225,0
DA:227,0
DA:228,0
DA:231,0
DA:233,0
DA:237,1
DA:244,0
DA:247,0
DA:248,0
DA:249,0
DA:254,1
DA:255,0
DA:256,0
DA:257,0
DA:258,0
DA:259,0
DA:260,0
DA:267,1
DA:268,0
DA:270,0
DA:271,0
DA:276,0
DA:277,0
DA:278,0
DA:282,0
DA:283,0
DA:284,0
DA:285,0
DA:287,0
DA:289,0
DA:290,0
DA:292,0
DA:293,0
DA:298,0
DA:299,0
DA:300,0
DA:305,0
DA:307,0
DA:311,1
DA:312,0
DA:314,0
DA:315,0
DA:316,0
DA:317,0
DA:321,0
DA:323,0
LF:146
LH:22
BRDA:44,0,0,0
BRDA:44,0,1,0
BRDA:73,1,0,0
BRDA:73,1,1,0
BRDA:73,2,0,0
BRDA:73,2,1,0
BRDA:84,3,0,0
BRDA:84,3,1,0
BRDA:101,4,0,0
BRDA:101,4,1,0
BRDA:156,5,0,0
BRDA:156,5,1,0
BRDA:165,6,0,0
BRDA:165,6,1,0
BRDA:186,7,0,0
BRDA:186,7,1,0
BRDA:203,8,0,0
BRDA:203,8,1,0
BRDA:204,9,0,0
BRDA:204,9,1,0
BRDA:219,10,0,0
BRDA:219,10,1,0
BRDA:277,11,0,0
BRDA:277,11,1,0
BRDA:292,12,0,0
BRDA:292,12,1,0
BRDA:299,13,0,0
BRDA:299,13,1,0
BRF:28
BRH:0
end_of_record
TN:
SF:controllers\campaign.js
FN:3,(anonymous_0)
FNF:1
FNH:0
FNDA:0,(anonymous_0)
DA:1,1
DA:3,1
DA:12,0
DA:14,0
DA:24,0
DA:25,0
DA:26,0
DA:27,0
DA:33,0
LF:9
LH:2
BRDA:26,0,0,0
BRDA:26,0,1,0
BRF:2
BRH:0
end_of_record
TN:
SF:controllers\donation.js
FN:4,(anonymous_0)
FN:29,(anonymous_1)
FNF:2
FNH:0
FNDA:0,(anonymous_0)
FNDA:0,(anonymous_1)
DA:2,1
DA:4,1
DA:5,0
DA:7,0
DA:15,0
DA:16,0
DA:17,0
DA:18,0
DA:23,0
DA:29,1
DA:30,0
DA:31,0
DA:32,0
DA:33,0
DA:36,0
LF:15
LH:3
BRDA:17,0,0,0
BRDA:17,0,1,0
BRDA:32,1,0,0
BRDA:32,1,1,0
BRF:4
BRH:0
end_of_record
TN:
SF:controllers\tag.js
FN:4,(anonymous_0)
FN:21,(anonymous_1)
FN:42,(anonymous_2)
FNF:3
FNH:0
FNDA:0,(anonymous_0)
FNDA:0,(anonymous_1)
FNDA:0,(anonymous_2)
DA:1,1
DA:2,1
DA:4,1
DA:5,0
DA:6,0
DA:7,0
DA:9,0
DA:10,0
DA:11,0
DA:15,0
DA:21,1
DA:22,0
DA:24,0
DA:25,0
DA:26,0
DA:27,0
DA:32,0
DA:36,0
DA:42,1
DA:43,0
DA:44,0
DA:45,0
DA:46,0
DA:49,0
LF:24
LH:5
BRDA:26,0,0,0
BRDA:26,0,1,0
BRDA:45,1,0,0
BRDA:45,1,1,0
BRF:4
BRH:0
end_of_record
TN:
SF:controllers\topic.js
FN:17,(anonymous_0)
FN:36,(anonymous_1)
FN:62,(anonymous_2)
FN:81,(anonymous_3)
FN:102,(anonymous_4)
FNF:5
FNH:0
FNDA:0,(anonymous_0)
FNDA:0,(anonymous_1)
FNDA:0,(anonymous_2)
FNDA:0,(anonymous_3)
FNDA:0,(anonymous_4)
DA:1,1
DA:2,1
DA:3,1
DA:4,1
DA:5,1
DA:6,1
DA:8,1
DA:10,1
DA:17,1
DA:18,0
DA:20,0
DA:25,0
DA:26,0
DA:27,0
DA:36,0
DA:37,0
DA:43,0
DA:44,0
DA:46,0
DA:47,0
DA:49,0
DA:50,0
DA:51,0
DA:55,0
DA:62,1
DA:63,0
DA:65,0
DA:66,0
DA:67,0
DA:68,0
DA:73,0
DA:75,0
DA:81,1
DA:82,0
DA:84,0
DA:85,0
DA:86,0
DA:87,0
DA:92,0
DA:96,0
DA:102,1
DA:103,0
DA:104,0
DA:105,0
DA:106,0
DA:109,0
LF:46
LH:12
BRDA:43,0,0,0
BRDA:43,0,1,0
BRDA:67,1,0,0
BRDA:67,1,1,0
BRDA:86,2,0,0
BRDA:86,2,1,0
BRDA:105,3,0,0
BRDA:105,3,1,0
BRF:8
BRH:0
end_of_record
TN:
SF:controllers\user.js
FN:3,(anonymous_0)
FN:18,(anonymous_1)
FNF:2
FNH:0
FNDA:0,(anonymous_0)
FNDA:0,(anonymous_1)
DA:1,1
DA:3,1
DA:4,0
DA:5,0
DA:10,0
DA:12,0
DA:13,0
DA:15,0
DA:18,1
DA:20,0
DA:21,0
DA:23,0
DA:24,0
DA:26,0
DA:27,0
DA:32,0
DA:33,0
DA:39,0
DA:40,0
DA:45,0
DA:46,0
DA:47,0
DA:49,0
DA:51,0
LF:24
LH:3
BRDA:4,0,0,0
BRDA:4,0,1,0
BRDA:26,1,0,0
BRDA:26,1,1,0
BRDA:32,2,0,0
BRDA:32,2,1,0
BRDA:39,3,0,0
BRDA:39,3,1,0
BRF:8
BRH:0
end_of_record
TN:
SF:helpers\email.js
FN:5,(anonymous_0)
FN:31,(anonymous_1)
FNF:2
FNH:0
FNDA:0,(anonymous_0)
FNDA:0,(anonymous_1)
DA:1,1
DA:3,1
DA:5,1
DA:31,1
LF:4
LH:4
BRF:0
BRH:0
end_of_record
TN:
SF:middleware\auth.js
FN:7,(anonymous_0)
FN:32,(anonymous_1)
FNF:2
FNH:0
FNDA:0,(anonymous_0)
FNDA:0,(anonymous_1)
DA:1,1
DA:2,1
DA:3,1
DA:5,1
DA:7,1
DA:8,0
DA:9,0
DA:11,0
DA:12,0
DA:13,0
DA:15,0
DA:16,0
DA:19,0
DA:21,0
DA:23,0
DA:28,0
DA:32,1
DA:33,0
DA:35,0
DA:36,0
DA:41,0
DA:42,0
LF:22
LH:6
BRDA:8,0,0,0
BRDA:8,0,1,0
BRDA:15,1,0,0
BRDA:15,1,1,0
BRDA:35,2,0,0
BRDA:35,2,1,0
BRF:6
BRH:0
end_of_record
TN:
SF:models\Blog.js
FNF:0
FNH:0
DA:1,1
DA:3,1
DA:5,1
DA:75,1
DA:77,1
LF:5
LH:5
BRF:0
BRH:0
end_of_record
TN:
SF:models\Campaign.js
FNF:0
FNH:0
DA:9,1
DA:11,1
DA:13,1
DA:54,1
DA:56,1
LF:5
LH:5
BRF:0
BRH:0
end_of_record
TN:
SF:models\Donation.js
FNF:0
FNH:0
DA:8,1
DA:10,1
DA:12,1
DA:44,1
DA:46,1
LF:5
LH:5
BRF:0
BRH:0
end_of_record
TN:
SF:models\Reference.js
FNF:0
FNH:0
DA:1,1
DA:3,1
DA:8,1
DA:10,1
LF:4
LH:4
BRF:0
BRH:0
end_of_record
TN:
SF:models\Tag.js
FNF:0
FNH:0
DA:1,1
DA:3,1
DA:22,1
DA:24,1
LF:4
LH:4
BRF:0
BRH:0
end_of_record
TN:
SF:models\Topic.js
FNF:0
FNH:0
DA:1,1
DA:3,1
DA:33,1
DA:35,1
LF:4
LH:4
BRF:0
BRH:0
end_of_record
TN:
SF:models\User.js
FN:49,(anonymous_0)
FN:58,(anonymous_1)
FN:69,(anonymous_2)
FNF:3
FNH:0
FNDA:0,(anonymous_0)
FNDA:0,(anonymous_1)
FNDA:0,(anonymous_2)
DA:1,1
DA:2,1
DA:3,1
DA:4,1
DA:6,1
DA:7,1
DA:9,1
DA:49,1
DA:50,0
DA:52,0
DA:53,0
DA:54,0
DA:58,1
DA:60,0
DA:61,0
DA:65,0
DA:66,0
DA:69,1
DA:71,0
DA:72,0
DA:73,0
DA:76,0
DA:77,0
DA:78,0
DA:81,0
DA:84,1
DA:86,1
LF:27
LH:12
BRDA:53,0,0,0
BRDA:53,0,1,0
BRDA:72,1,0,0
BRDA:72,1,1,0
BRDA:77,2,0,0
BRDA:77,2,1,0
BRF:6
BRH:0
end_of_record
TN:
SF:routes\auth.js
FNF:0
FNH:0
DA:1,1
DA:11,1
DA:14,1
DA:17,1
DA:23,1
DA:25,1
DA:27,1
DA:28,1
DA:29,1
DA:31,1
DA:37,1
DA:45,1
DA:48,1
DA:49,1
DA:51,1
LF:15
LH:15
BRF:0
BRH:0
end_of_record
TN:
SF:routes\blog.js
FNF:0
FNH:0
DA:1,1
DA:3,1
DA:5,1
DA:14,1
DA:16,1
DA:17,1
DA:18,1
DA:19,1
DA:20,1
DA:21,1
DA:23,1
LF:11
LH:11
BRF:0
BRH:0
end_of_record
TN:
SF:routes\campaign.js
FNF:0
FNH:0
DA:1,1
DA:3,1
DA:5,1
DA:7,1
DA:9,1
LF:5
LH:5
BRF:0
BRH:0
end_of_record
TN:
SF:routes\donation.js
FNF:0
FNH:0
DA:1,1
DA:2,1
DA:4,1
DA:6,1
DA:7,1
DA:9,1
LF:6
LH:6
BRF:0
BRH:0
end_of_record
TN:
SF:routes\tag.js
FNF:0
FNH:0
DA:1,1
DA:3,1
DA:5,1
DA:6,1
DA:7,1
DA:8,1
DA:10,1
DA:11,1
DA:12,1
DA:14,1
LF:10
LH:10
BRF:0
BRH:0
end_of_record
TN:
SF:routes\topic.js
FNF:0
FNH:0
DA:1,1
DA:3,1
DA:10,1
DA:11,1
DA:12,1
DA:13,1
DA:15,1
DA:16,1
DA:17,1
DA:18,1
DA:20,1
LF:11
LH:11
BRF:0
BRH:0
end_of_record
TN:
SF:routes\user.js
FNF:0
FNH:0
DA:1,1
DA:3,1
DA:5,1
DA:6,1
DA:9,1
DA:10,1
DA:11,1
DA:13,1
LF:8
LH:8
BRF:0
BRH:0
end_of_record
TN:
SF:startup\db.js
FN:6,(anonymous_0)
FN:18,(anonymous_1)
FN:19,(anonymous_2)
FNF:3
FNH:1
FNDA:1,(anonymous_0)
FNDA:0,(anonymous_1)
FNDA:0,(anonymous_2)
DA:1,1
DA:2,1
DA:4,1
DA:6,1
DA:7,1
DA:14,1
DA:16,1
DA:18,0
DA:19,0
LF:9
LH:7
BRF:0
BRH:0
end_of_record
TN:
SF:startup\routes.js
FN:15,(anonymous_0)
FNF:1
FNH:1
FNDA:1,(anonymous_0)
DA:1,1
DA:2,1
DA:3,1
DA:4,1
DA:7,1
DA:8,1
DA:9,1
DA:10,1
DA:11,1
DA:12,1
DA:13,1
DA:15,1
DA:16,1
DA:17,1
DA:18,1
DA:19,1
DA:20,1
DA:22,1
DA:23,1
DA:24,1
DA:25,1
DA:26,1
DA:27,1
DA:28,1
LF:24
LH:24
BRF:0
BRH:0
end_of_record
TN:
SF:validators\auth.js
FNF:0
FNH:0
DA:1,1
DA:3,1
DA:11,1
DA:18,1
DA:26,1
LF:5
LH:5
BRF:0
BRH:0
end_of_record
TN:
SF:validators\index.js
FN:3,(anonymous_0)
FNF:1
FNH:0
FNDA:0,(anonymous_0)
DA:1,1
DA:3,1
DA:4,0
DA:5,0
DA:6,0
DA:11,0
LF:6
LH:2
BRDA:5,0,0,0
BRDA:5,0,1,0
BRF:2
BRH:0
end_of_record
TN:
SF:validators\tag.js
FNF:0
FNH:0
DA:1,1
DA:3,1
LF:2
LH:2
BRF:0
BRH:0
end_of_record
TN:
SF:validators\topic.js
FNF:0
FNH:0
DA:1,1
DA:3,1
LF:2
LH:2
BRF:0
BRH:0
end_of_record
